CRITICAL - 2022-10-24 00:41:44 --> invalid data source name
in APPPATH\Libraries\CustomOauthStorage.php on line 66.
 1 APPPATH\Libraries\CustomOauthStorage.php(66): PDO->__construct('ROOTPATH\\public', 'ROOTPATH\\public', 'ROOTPATH\\public', [])
 2 APPPATH\Libraries\Oauth.php(19): App\Libraries\CustomOauthStorage->__construct([...])
 3 APPPATH\Libraries\Oauth.php(11): App\Libraries\Oauth->init()
 4 APPPATH\Controllers\User.php(24): App\Libraries\Oauth->__construct()
 5 SYSTEMPATH\CodeIgniter.php(907): App\Controllers\User->login()
 6 SYSTEMPATH\CodeIgniter.php(457): CodeIgniter\CodeIgniter->runController(Object(App\Controllers\User))
 7 SYSTEMPATH\CodeIgniter.php(340): CodeIgniter\CodeIgniter->handleRequest(null, Object(Config\Cache), false)
 8 FCPATH\index.php(67): CodeIgniter\CodeIgniter->run()
CRITICAL - 2022-10-24 22:05:16 --> Trying to access array offset on value of type null
in APPPATH\Libraries\CustomOauthStorage.php on line 463.
 1 APPPATH\Libraries\CustomOauthStorage.php(463): CodeIgniter\Debug\Exceptions->errorHandler(8, 'Trying to access array offset on value of type null', 'APPPATH\\Libraries\\CustomOauthStorage.php', 463, [...])
 2 APPPATH\Libraries\CustomOauthStorage.php(312): App\Libraries\CustomOauthStorage->getUser('murhchris@gmail.com')
 3 VENDORPATH\bshaffer\oauth2-server-php\src\OAuth2\GrantType\UserCredentials.php(57): App\Libraries\CustomOauthStorage->checkUserCredentials('murhchris@gmail.com', 'christianby')
 4 VENDORPATH\bshaffer\oauth2-server-php\src\OAuth2\Controller\TokenController.php(175): OAuth2\GrantType\UserCredentials->validateRequest(Object(OAuth2\Request), Object(OAuth2\Response))
 5 VENDORPATH\bshaffer\oauth2-server-php\src\OAuth2\Controller\TokenController.php(87): OAuth2\Controller\TokenController->grantAccessToken(Object(OAuth2\Request), Object(OAuth2\Response))
 6 VENDORPATH\bshaffer\oauth2-server-php\src\OAuth2\Server.php(319): OAuth2\Controller\TokenController->handleTokenRequest(Object(OAuth2\Request), Object(OAuth2\Response))
 7 APPPATH\Controllers\User.php(26): OAuth2\Server->handleTokenRequest(Object(OAuth2\Request))
 8 SYSTEMPATH\CodeIgniter.php(907): App\Controllers\User->login()
 9 SYSTEMPATH\CodeIgniter.php(457): CodeIgniter\CodeIgniter->runController(Object(App\Controllers\User))
10 SYSTEMPATH\CodeIgniter.php(340): CodeIgniter\CodeIgniter->handleRequest(null, Object(Config\Cache), false)
11 FCPATH\index.php(67): CodeIgniter\CodeIgniter->run()
CRITICAL - 2022-10-24 22:05:29 --> Trying to access array offset on value of type null
in APPPATH\Libraries\CustomOauthStorage.php on line 463.
 1 APPPATH\Libraries\CustomOauthStorage.php(463): CodeIgniter\Debug\Exceptions->errorHandler(8, 'Trying to access array offset on value of type null', 'APPPATH\\Libraries\\CustomOauthStorage.php', 463, [...])
 2 APPPATH\Libraries\CustomOauthStorage.php(312): App\Libraries\CustomOauthStorage->getUser('murhchris@gmail.com')
 3 VENDORPATH\bshaffer\oauth2-server-php\src\OAuth2\GrantType\UserCredentials.php(57): App\Libraries\CustomOauthStorage->checkUserCredentials('murhchris@gmail.com', 'christianby')
 4 VENDORPATH\bshaffer\oauth2-server-php\src\OAuth2\Controller\TokenController.php(175): OAuth2\GrantType\UserCredentials->validateRequest(Object(OAuth2\Request), Object(OAuth2\Response))
 5 VENDORPATH\bshaffer\oauth2-server-php\src\OAuth2\Controller\TokenController.php(87): OAuth2\Controller\TokenController->grantAccessToken(Object(OAuth2\Request), Object(OAuth2\Response))
 6 VENDORPATH\bshaffer\oauth2-server-php\src\OAuth2\Server.php(319): OAuth2\Controller\TokenController->handleTokenRequest(Object(OAuth2\Request), Object(OAuth2\Response))
 7 APPPATH\Controllers\User.php(26): OAuth2\Server->handleTokenRequest(Object(OAuth2\Request))
 8 SYSTEMPATH\CodeIgniter.php(907): App\Controllers\User->login()
 9 SYSTEMPATH\CodeIgniter.php(457): CodeIgniter\CodeIgniter->runController(Object(App\Controllers\User))
10 SYSTEMPATH\CodeIgniter.php(340): CodeIgniter\CodeIgniter->handleRequest(null, Object(Config\Cache), false)
11 FCPATH\index.php(67): CodeIgniter\CodeIgniter->run()
CRITICAL - 2022-10-24 22:05:31 --> Trying to access array offset on value of type null
in APPPATH\Libraries\CustomOauthStorage.php on line 463.
 1 APPPATH\Libraries\CustomOauthStorage.php(463): CodeIgniter\Debug\Exceptions->errorHandler(8, 'Trying to access array offset on value of type null', 'APPPATH\\Libraries\\CustomOauthStorage.php', 463, [...])
 2 APPPATH\Libraries\CustomOauthStorage.php(312): App\Libraries\CustomOauthStorage->getUser('murhchris@gmail.com')
 3 VENDORPATH\bshaffer\oauth2-server-php\src\OAuth2\GrantType\UserCredentials.php(57): App\Libraries\CustomOauthStorage->checkUserCredentials('murhchris@gmail.com', 'christianby')
 4 VENDORPATH\bshaffer\oauth2-server-php\src\OAuth2\Controller\TokenController.php(175): OAuth2\GrantType\UserCredentials->validateRequest(Object(OAuth2\Request), Object(OAuth2\Response))
 5 VENDORPATH\bshaffer\oauth2-server-php\src\OAuth2\Controller\TokenController.php(87): OAuth2\Controller\TokenController->grantAccessToken(Object(OAuth2\Request), Object(OAuth2\Response))
 6 VENDORPATH\bshaffer\oauth2-server-php\src\OAuth2\Server.php(319): OAuth2\Controller\TokenController->handleTokenRequest(Object(OAuth2\Request), Object(OAuth2\Response))
 7 APPPATH\Controllers\User.php(26): OAuth2\Server->handleTokenRequest(Object(OAuth2\Request))
 8 SYSTEMPATH\CodeIgniter.php(907): App\Controllers\User->login()
 9 SYSTEMPATH\CodeIgniter.php(457): CodeIgniter\CodeIgniter->runController(Object(App\Controllers\User))
10 SYSTEMPATH\CodeIgniter.php(340): CodeIgniter\CodeIgniter->handleRequest(null, Object(Config\Cache), false)
11 FCPATH\index.php(67): CodeIgniter\CodeIgniter->run()
CRITICAL - 2022-10-24 22:05:32 --> Trying to access array offset on value of type null
in APPPATH\Libraries\CustomOauthStorage.php on line 463.
 1 APPPATH\Libraries\CustomOauthStorage.php(463): CodeIgniter\Debug\Exceptions->errorHandler(8, 'Trying to access array offset on value of type null', 'APPPATH\\Libraries\\CustomOauthStorage.php', 463, [...])
 2 APPPATH\Libraries\CustomOauthStorage.php(312): App\Libraries\CustomOauthStorage->getUser('murhchris@gmail.com')
 3 VENDORPATH\bshaffer\oauth2-server-php\src\OAuth2\GrantType\UserCredentials.php(57): App\Libraries\CustomOauthStorage->checkUserCredentials('murhchris@gmail.com', 'christianby')
 4 VENDORPATH\bshaffer\oauth2-server-php\src\OAuth2\Controller\TokenController.php(175): OAuth2\GrantType\UserCredentials->validateRequest(Object(OAuth2\Request), Object(OAuth2\Response))
 5 VENDORPATH\bshaffer\oauth2-server-php\src\OAuth2\Controller\TokenController.php(87): OAuth2\Controller\TokenController->grantAccessToken(Object(OAuth2\Request), Object(OAuth2\Response))
 6 VENDORPATH\bshaffer\oauth2-server-php\src\OAuth2\Server.php(319): OAuth2\Controller\TokenController->handleTokenRequest(Object(OAuth2\Request), Object(OAuth2\Response))
 7 APPPATH\Controllers\User.php(26): OAuth2\Server->handleTokenRequest(Object(OAuth2\Request))
 8 SYSTEMPATH\CodeIgniter.php(907): App\Controllers\User->login()
 9 SYSTEMPATH\CodeIgniter.php(457): CodeIgniter\CodeIgniter->runController(Object(App\Controllers\User))
10 SYSTEMPATH\CodeIgniter.php(340): CodeIgniter\CodeIgniter->handleRequest(null, Object(Config\Cache), false)
11 FCPATH\index.php(67): CodeIgniter\CodeIgniter->run()
