CRITICAL - 2022-10-08 04:35:00 --> You must set the database table to be used with your query.
in SYSTEMPATH\Database\BaseConnection.php on line 872.
 1 SYSTEMPATH\Model.php(587): CodeIgniter\Database\BaseConnection->table(null)
 2 SYSTEMPATH\Model.php(373): CodeIgniter\Model->builder()
 3 SYSTEMPATH\BaseModel.php(963): CodeIgniter\Model->doDelete([...], false)
 4 APPPATH\Controllers\merchandise.php(85): CodeIgniter\BaseModel->delete([...])
 5 SYSTEMPATH\CodeIgniter.php(907): App\Controllers\merchandise->delete('3')
 6 SYSTEMPATH\CodeIgniter.php(457): CodeIgniter\CodeIgniter->runController(Object(App\Controllers\merchandise))
 7 SYSTEMPATH\CodeIgniter.php(340): CodeIgniter\CodeIgniter->handleRequest(null, Object(Config\Cache), false)
 8 FCPATH\index.php(67): CodeIgniter\CodeIgniter->run()
CRITICAL - 2022-10-08 04:36:48 --> You must set the database table to be used with your query.
in SYSTEMPATH\Database\BaseConnection.php on line 872.
 1 SYSTEMPATH\Model.php(587): CodeIgniter\Database\BaseConnection->table(null)
 2 SYSTEMPATH\Model.php(373): CodeIgniter\Model->builder()
 3 SYSTEMPATH\BaseModel.php(963): CodeIgniter\Model->doDelete([...], false)
 4 APPPATH\Controllers\merchandise.php(85): CodeIgniter\BaseModel->delete([...])
 5 SYSTEMPATH\CodeIgniter.php(907): App\Controllers\merchandise->delete('2')
 6 SYSTEMPATH\CodeIgniter.php(457): CodeIgniter\CodeIgniter->runController(Object(App\Controllers\merchandise))
 7 SYSTEMPATH\CodeIgniter.php(340): CodeIgniter\CodeIgniter->handleRequest(null, Object(Config\Cache), false)
 8 FCPATH\index.php(67): CodeIgniter\CodeIgniter->run()
CRITICAL - 2022-10-08 04:36:56 --> You must set the database table to be used with your query.
in SYSTEMPATH\Database\BaseConnection.php on line 872.
 1 SYSTEMPATH\Model.php(587): CodeIgniter\Database\BaseConnection->table(null)
 2 SYSTEMPATH\Model.php(373): CodeIgniter\Model->builder()
 3 SYSTEMPATH\BaseModel.php(963): CodeIgniter\Model->doDelete([...], false)
 4 APPPATH\Controllers\merchandise.php(85): CodeIgniter\BaseModel->delete([...])
 5 SYSTEMPATH\CodeIgniter.php(907): App\Controllers\merchandise->delete('2')
 6 SYSTEMPATH\CodeIgniter.php(457): CodeIgniter\CodeIgniter->runController(Object(App\Controllers\merchandise))
 7 SYSTEMPATH\CodeIgniter.php(340): CodeIgniter\CodeIgniter->handleRequest(null, Object(Config\Cache), false)
 8 FCPATH\index.php(67): CodeIgniter\CodeIgniter->run()
CRITICAL - 2022-10-08 04:37:36 --> You must set the database table to be used with your query.
in SYSTEMPATH\Database\BaseConnection.php on line 872.
 1 SYSTEMPATH\Model.php(587): CodeIgniter\Database\BaseConnection->table(null)
 2 SYSTEMPATH\Model.php(373): CodeIgniter\Model->builder()
 3 SYSTEMPATH\BaseModel.php(963): CodeIgniter\Model->doDelete([...], false)
 4 APPPATH\Controllers\merchandise.php(85): CodeIgniter\BaseModel->delete([...])
 5 SYSTEMPATH\CodeIgniter.php(907): App\Controllers\merchandise->delete('2')
 6 SYSTEMPATH\CodeIgniter.php(457): CodeIgniter\CodeIgniter->runController(Object(App\Controllers\merchandise))
 7 SYSTEMPATH\CodeIgniter.php(340): CodeIgniter\CodeIgniter->handleRequest(null, Object(Config\Cache), false)
 8 FCPATH\index.php(67): CodeIgniter\CodeIgniter->run()
