CRITICAL - 2022-10-07 08:57:05 --> SQLSTATE[HY000] [1049] Unknown database 'humanap'
in APPPATH\Libraries\CustomOauthStorage.php on line 69.
 1 APPPATH\Libraries\CustomOauthStorage.php(69): PDO->__construct('mysql:dbname=humanap;host=localhost', 'root', 'ROOTPATH\\public', [])
 2 APPPATH\Libraries\Oauth.php(18): App\Libraries\CustomOauthStorage->__construct([...])
 3 APPPATH\Libraries\Oauth.php(11): App\Libraries\Oauth->init()
 4 APPPATH\Controllers\User.php(16): App\Libraries\Oauth->__construct()
 5 SYSTEMPATH\CodeIgniter.php(907): App\Controllers\User->login()
 6 SYSTEMPATH\CodeIgniter.php(457): CodeIgniter\CodeIgniter->runController(Object(App\Controllers\User))
 7 SYSTEMPATH\CodeIgniter.php(340): CodeIgniter\CodeIgniter->handleRequest(null, Object(Config\Cache), false)
 8 FCPATH\index.php(67): CodeIgniter\CodeIgniter->run()
CRITICAL - 2022-10-07 08:59:27 --> Declaration of App\Filters\OauthFilter::before(CodeIgniter\HTTP\RequestInterface $request) must be compatible with CodeIgniter\Filters\FilterInterface::before(CodeIgniter\HTTP\RequestInterface $request, $arguments = NULL)
in APPPATH\Filters\OauthFilter.php on line 14.
 1 [internal function]: CodeIgniter\Debug\Exceptions->shutdownHandler()
CRITICAL - 2022-10-07 08:59:47 --> Declaration of App\Filters\OauthFilter::before(CodeIgniter\HTTP\RequestInterface $request) must be compatible with CodeIgniter\Filters\FilterInterface::before(CodeIgniter\HTTP\RequestInterface $request, $arguments = NULL)
in APPPATH\Filters\OauthFilter.php on line 14.
 1 [internal function]: CodeIgniter\Debug\Exceptions->shutdownHandler()
CRITICAL - 2022-10-07 09:01:02 --> Declaration of App\Filters\OauthFilter::before(CodeIgniter\HTTP\RequestInterface $request) must be compatible with CodeIgniter\Filters\FilterInterface::before(CodeIgniter\HTTP\RequestInterface $request, $arguments = NULL)
in APPPATH\Filters\OauthFilter.php on line 14.
 1 [internal function]: CodeIgniter\Debug\Exceptions->shutdownHandler()
CRITICAL - 2022-10-07 09:01:38 --> Declaration of App\Filters\OauthFilter::before(CodeIgniter\HTTP\RequestInterface $request) must be compatible with CodeIgniter\Filters\FilterInterface::before(CodeIgniter\HTTP\RequestInterface $request, $arguments = NULL)
in APPPATH\Filters\OauthFilter.php on line 14.
 1 [internal function]: CodeIgniter\Debug\Exceptions->shutdownHandler()
CRITICAL - 2022-10-07 09:02:03 --> Declaration of App\Filters\OauthFilter::before(CodeIgniter\HTTP\RequestInterface $request) must be compatible with CodeIgniter\Filters\FilterInterface::before(CodeIgniter\HTTP\RequestInterface $request, $arguments = NULL)
in APPPATH\Filters\OauthFilter.php on line 14.
 1 [internal function]: CodeIgniter\Debug\Exceptions->shutdownHandler()
CRITICAL - 2022-10-07 09:04:36 --> Table 'humanapp.blog' doesn't exist
in SYSTEMPATH\Database\MySQLi\Connection.php on line 292.
 1 SYSTEMPATH\Database\MySQLi\Connection.php(292): mysqli->query('SELECT *
FROM `blog`
ORDER BY `post_id` DESC', 0)
 2 SYSTEMPATH\Database\BaseConnection.php(693): CodeIgniter\Database\MySQLi\Connection->execute('SELECT *
FROM `blog`
ORDER BY `post_id` DESC')
 3 SYSTEMPATH\Database\BaseConnection.php(620): CodeIgniter\Database\BaseConnection->simpleQuery('SELECT *
FROM `blog`
ORDER BY `post_id` DESC')
 4 SYSTEMPATH\Database\BaseBuilder.php(1585): CodeIgniter\Database\BaseConnection->query('SELECT *
FROM `blog`
ORDER BY `post_id` DESC', [], false)
 5 SYSTEMPATH\Model.php(223): CodeIgniter\Database\BaseBuilder->get()
 6 SYSTEMPATH\BaseModel.php(584): CodeIgniter\Model->doFindAll(0, 0)
 7 APPPATH\Controllers\merchandise.php(22): CodeIgniter\BaseModel->findAll()
 8 SYSTEMPATH\CodeIgniter.php(907): App\Controllers\merchandise->index()
 9 SYSTEMPATH\CodeIgniter.php(457): CodeIgniter\CodeIgniter->runController(Object(App\Controllers\merchandise))
10 SYSTEMPATH\CodeIgniter.php(340): CodeIgniter\CodeIgniter->handleRequest(null, Object(Config\Cache), false)
11 FCPATH\index.php(67): CodeIgniter\CodeIgniter->run()
CRITICAL - 2022-10-07 09:05:28 --> Call to a member function orderBy() on null
in APPPATH\Controllers\merchandise.php on line 21.
 1 SYSTEMPATH\CodeIgniter.php(907): App\Controllers\merchandise->index()
 2 SYSTEMPATH\CodeIgniter.php(457): CodeIgniter\CodeIgniter->runController(Object(App\Controllers\merchandise))
 3 SYSTEMPATH\CodeIgniter.php(340): CodeIgniter\CodeIgniter->handleRequest(null, Object(Config\Cache), false)
 4 FCPATH\index.php(67): CodeIgniter\CodeIgniter->run()
CRITICAL - 2022-10-07 09:06:24 --> Declaration of App\Filters\OauthFilter::before(CodeIgniter\HTTP\RequestInterface $request) must be compatible with CodeIgniter\Filters\FilterInterface::before(CodeIgniter\HTTP\RequestInterface $request, $arguments = NULL)
in APPPATH\Filters\OauthFilter.php on line 14.
 1 [internal function]: CodeIgniter\Debug\Exceptions->shutdownHandler()
CRITICAL - 2022-10-07 09:15:14 --> Column 'title' cannot be null
in SYSTEMPATH\Database\MySQLi\Connection.php on line 292.
 1 SYSTEMPATH\Database\MySQLi\Connection.php(292): mysqli->query('INSERT INTO `merchandise` (`id`, `title`, `description`, `categorie`, `created_at`, `deleted`) VALUES (NULL, NULL, NULL, NULL, NULL, 0)', 0)
 2 SYSTEMPATH\Database\BaseConnection.php(693): CodeIgniter\Database\MySQLi\Connection->execute('INSERT INTO `merchandise` (`id`, `title`, `description`, `categorie`, `created_at`, `deleted`) VALUES (NULL, NULL, NULL, NULL, NULL, 0)')
 3 SYSTEMPATH\Database\BaseConnection.php(620): CodeIgniter\Database\BaseConnection->simpleQuery('INSERT INTO `merchandise` (`id`, `title`, `description`, `categorie`, `created_at`, `deleted`) VALUES (NULL, NULL, NULL, NULL, NULL, 0)')
 4 SYSTEMPATH\Database\BaseBuilder.php(1916): CodeIgniter\Database\BaseConnection->query('INSERT INTO `merchandise` (`id`, `title`, `description`, `categorie`, `created_at`, `deleted`) VALUES (:id:, :title:, :description:, :categorie:, :created_at:, :deleted:)', [...], false)
 5 APPPATH\Models\merchandiseModel.php(20): CodeIgniter\Database\BaseBuilder->insert([...])
 6 APPPATH\Controllers\merchandise.php(43): App\Models\merchandiseModel->addMerchandise([...])
 7 SYSTEMPATH\CodeIgniter.php(907): App\Controllers\merchandise->create()
 8 SYSTEMPATH\CodeIgniter.php(457): CodeIgniter\CodeIgniter->runController(Object(App\Controllers\merchandise))
 9 SYSTEMPATH\CodeIgniter.php(340): CodeIgniter\CodeIgniter->handleRequest(null, Object(Config\Cache), false)
10 FCPATH\index.php(67): CodeIgniter\CodeIgniter->run()
CRITICAL - 2022-10-07 09:15:57 --> Column 'title' cannot be null
in SYSTEMPATH\Database\MySQLi\Connection.php on line 292.
 1 SYSTEMPATH\Database\MySQLi\Connection.php(292): mysqli->query('INSERT INTO `merchandise` (`id`, `title`, `description`, `categorie`, `created_at`, `deleted`) VALUES (NULL, NULL, NULL, NULL, NULL, 0)', 0)
 2 SYSTEMPATH\Database\BaseConnection.php(693): CodeIgniter\Database\MySQLi\Connection->execute('INSERT INTO `merchandise` (`id`, `title`, `description`, `categorie`, `created_at`, `deleted`) VALUES (NULL, NULL, NULL, NULL, NULL, 0)')
 3 SYSTEMPATH\Database\BaseConnection.php(620): CodeIgniter\Database\BaseConnection->simpleQuery('INSERT INTO `merchandise` (`id`, `title`, `description`, `categorie`, `created_at`, `deleted`) VALUES (NULL, NULL, NULL, NULL, NULL, 0)')
 4 SYSTEMPATH\Database\BaseBuilder.php(1916): CodeIgniter\Database\BaseConnection->query('INSERT INTO `merchandise` (`id`, `title`, `description`, `categorie`, `created_at`, `deleted`) VALUES (:id:, :title:, :description:, :categorie:, :created_at:, :deleted:)', [...], false)
 5 APPPATH\Models\merchandiseModel.php(20): CodeIgniter\Database\BaseBuilder->insert([...])
 6 APPPATH\Controllers\merchandise.php(43): App\Models\merchandiseModel->addMerchandise([...])
 7 SYSTEMPATH\CodeIgniter.php(907): App\Controllers\merchandise->create()
 8 SYSTEMPATH\CodeIgniter.php(457): CodeIgniter\CodeIgniter->runController(Object(App\Controllers\merchandise))
 9 SYSTEMPATH\CodeIgniter.php(340): CodeIgniter\CodeIgniter->handleRequest(null, Object(Config\Cache), false)
10 FCPATH\index.php(67): CodeIgniter\CodeIgniter->run()
CRITICAL - 2022-10-07 09:16:15 --> Column 'title' cannot be null
in SYSTEMPATH\Database\MySQLi\Connection.php on line 292.
 1 SYSTEMPATH\Database\MySQLi\Connection.php(292): mysqli->query('INSERT INTO `merchandise` (`id`, `title`, `description`, `categorie`, `created_at`, `deleted`) VALUES (NULL, NULL, NULL, NULL, NULL, 0)', 0)
 2 SYSTEMPATH\Database\BaseConnection.php(693): CodeIgniter\Database\MySQLi\Connection->execute('INSERT INTO `merchandise` (`id`, `title`, `description`, `categorie`, `created_at`, `deleted`) VALUES (NULL, NULL, NULL, NULL, NULL, 0)')
 3 SYSTEMPATH\Database\BaseConnection.php(620): CodeIgniter\Database\BaseConnection->simpleQuery('INSERT INTO `merchandise` (`id`, `title`, `description`, `categorie`, `created_at`, `deleted`) VALUES (NULL, NULL, NULL, NULL, NULL, 0)')
 4 SYSTEMPATH\Database\BaseBuilder.php(1916): CodeIgniter\Database\BaseConnection->query('INSERT INTO `merchandise` (`id`, `title`, `description`, `categorie`, `created_at`, `deleted`) VALUES (:id:, :title:, :description:, :categorie:, :created_at:, :deleted:)', [...], false)
 5 APPPATH\Models\merchandiseModel.php(20): CodeIgniter\Database\BaseBuilder->insert([...])
 6 APPPATH\Controllers\merchandise.php(43): App\Models\merchandiseModel->addMerchandise([...])
 7 SYSTEMPATH\CodeIgniter.php(907): App\Controllers\merchandise->create()
 8 SYSTEMPATH\CodeIgniter.php(457): CodeIgniter\CodeIgniter->runController(Object(App\Controllers\merchandise))
 9 SYSTEMPATH\CodeIgniter.php(340): CodeIgniter\CodeIgniter->handleRequest(null, Object(Config\Cache), false)
10 FCPATH\index.php(67): CodeIgniter\CodeIgniter->run()
CRITICAL - 2022-10-07 09:17:59 --> Column 'title' cannot be null
in SYSTEMPATH\Database\MySQLi\Connection.php on line 292.
 1 SYSTEMPATH\Database\MySQLi\Connection.php(292): mysqli->query('INSERT INTO `merchandise` (`id`, `title`, `description`, `categorie`, `created_at`, `deleted`) VALUES (NULL, NULL, NULL, NULL, NULL, 0)', 0)
 2 SYSTEMPATH\Database\BaseConnection.php(693): CodeIgniter\Database\MySQLi\Connection->execute('INSERT INTO `merchandise` (`id`, `title`, `description`, `categorie`, `created_at`, `deleted`) VALUES (NULL, NULL, NULL, NULL, NULL, 0)')
 3 SYSTEMPATH\Database\BaseConnection.php(620): CodeIgniter\Database\BaseConnection->simpleQuery('INSERT INTO `merchandise` (`id`, `title`, `description`, `categorie`, `created_at`, `deleted`) VALUES (NULL, NULL, NULL, NULL, NULL, 0)')
 4 SYSTEMPATH\Database\BaseBuilder.php(1916): CodeIgniter\Database\BaseConnection->query('INSERT INTO `merchandise` (`id`, `title`, `description`, `categorie`, `created_at`, `deleted`) VALUES (:id:, :title:, :description:, :categorie:, :created_at:, :deleted:)', [...], false)
 5 APPPATH\Models\merchandiseModel.php(20): CodeIgniter\Database\BaseBuilder->insert([...])
 6 APPPATH\Controllers\merchandise.php(43): App\Models\merchandiseModel->addMerchandise([...])
 7 SYSTEMPATH\CodeIgniter.php(907): App\Controllers\merchandise->create()
 8 SYSTEMPATH\CodeIgniter.php(457): CodeIgniter\CodeIgniter->runController(Object(App\Controllers\merchandise))
 9 SYSTEMPATH\CodeIgniter.php(340): CodeIgniter\CodeIgniter->handleRequest(null, Object(Config\Cache), false)
10 FCPATH\index.php(67): CodeIgniter\CodeIgniter->run()
CRITICAL - 2022-10-07 09:32:22 --> Call to a member function save() on null
in APPPATH\Controllers\merchandise.php on line 119.
 1 SYSTEMPATH\CodeIgniter.php(907): App\Controllers\merchandise->update('1')
 2 SYSTEMPATH\CodeIgniter.php(457): CodeIgniter\CodeIgniter->runController(Object(App\Controllers\merchandise))
 3 SYSTEMPATH\CodeIgniter.php(340): CodeIgniter\CodeIgniter->handleRequest(null, Object(Config\Cache), false)
 4 FCPATH\index.php(67): CodeIgniter\CodeIgniter->run()
CRITICAL - 2022-10-07 09:34:43 --> Column 'title' cannot be null
in SYSTEMPATH\Database\MySQLi\Connection.php on line 292.
 1 SYSTEMPATH\Database\MySQLi\Connection.php(292): mysqli->query('INSERT INTO `merchandise` (`id`, `title`, `description`, `categorie`, `created_at`, `deleted`) VALUES (NULL, NULL, NULL, NULL, NULL, 0)', 0)
 2 SYSTEMPATH\Database\BaseConnection.php(693): CodeIgniter\Database\MySQLi\Connection->execute('INSERT INTO `merchandise` (`id`, `title`, `description`, `categorie`, `created_at`, `deleted`) VALUES (NULL, NULL, NULL, NULL, NULL, 0)')
 3 SYSTEMPATH\Database\BaseConnection.php(620): CodeIgniter\Database\BaseConnection->simpleQuery('INSERT INTO `merchandise` (`id`, `title`, `description`, `categorie`, `created_at`, `deleted`) VALUES (NULL, NULL, NULL, NULL, NULL, 0)')
 4 SYSTEMPATH\Database\BaseBuilder.php(1916): CodeIgniter\Database\BaseConnection->query('INSERT INTO `merchandise` (`id`, `title`, `description`, `categorie`, `created_at`, `deleted`) VALUES (:id:, :title:, :description:, :categorie:, :created_at:, :deleted:)', [...], false)
 5 APPPATH\Models\merchandiseModel.php(20): CodeIgniter\Database\BaseBuilder->insert([...])
 6 APPPATH\Controllers\merchandise.php(43): App\Models\merchandiseModel->addMerchandise([...])
 7 SYSTEMPATH\CodeIgniter.php(907): App\Controllers\merchandise->create()
 8 SYSTEMPATH\CodeIgniter.php(457): CodeIgniter\CodeIgniter->runController(Object(App\Controllers\merchandise))
 9 SYSTEMPATH\CodeIgniter.php(340): CodeIgniter\CodeIgniter->handleRequest(null, Object(Config\Cache), false)
10 FCPATH\index.php(67): CodeIgniter\CodeIgniter->run()
CRITICAL - 2022-10-07 09:35:06 --> Column 'title' cannot be null
in SYSTEMPATH\Database\MySQLi\Connection.php on line 292.
 1 SYSTEMPATH\Database\MySQLi\Connection.php(292): mysqli->query('INSERT INTO `merchandise` (`id`, `title`, `description`, `categorie`, `created_at`, `deleted`) VALUES (NULL, NULL, NULL, NULL, NULL, 0)', 0)
 2 SYSTEMPATH\Database\BaseConnection.php(693): CodeIgniter\Database\MySQLi\Connection->execute('INSERT INTO `merchandise` (`id`, `title`, `description`, `categorie`, `created_at`, `deleted`) VALUES (NULL, NULL, NULL, NULL, NULL, 0)')
 3 SYSTEMPATH\Database\BaseConnection.php(620): CodeIgniter\Database\BaseConnection->simpleQuery('INSERT INTO `merchandise` (`id`, `title`, `description`, `categorie`, `created_at`, `deleted`) VALUES (NULL, NULL, NULL, NULL, NULL, 0)')
 4 SYSTEMPATH\Database\BaseBuilder.php(1916): CodeIgniter\Database\BaseConnection->query('INSERT INTO `merchandise` (`id`, `title`, `description`, `categorie`, `created_at`, `deleted`) VALUES (:id:, :title:, :description:, :categorie:, :created_at:, :deleted:)', [...], false)
 5 APPPATH\Models\merchandiseModel.php(20): CodeIgniter\Database\BaseBuilder->insert([...])
 6 APPPATH\Controllers\merchandise.php(43): App\Models\merchandiseModel->addMerchandise([...])
 7 SYSTEMPATH\CodeIgniter.php(907): App\Controllers\merchandise->create()
 8 SYSTEMPATH\CodeIgniter.php(457): CodeIgniter\CodeIgniter->runController(Object(App\Controllers\merchandise))
 9 SYSTEMPATH\CodeIgniter.php(340): CodeIgniter\CodeIgniter->handleRequest(null, Object(Config\Cache), false)
10 FCPATH\index.php(67): CodeIgniter\CodeIgniter->run()
CRITICAL - 2022-10-07 09:37:19 --> Column 'title' cannot be null
in SYSTEMPATH\Database\MySQLi\Connection.php on line 292.
 1 SYSTEMPATH\Database\MySQLi\Connection.php(292): mysqli->query('INSERT INTO `merchandise` (`id`, `title`, `description`, `categorie`, `created_at`, `deleted`) VALUES (NULL, NULL, NULL, NULL, NULL, 0)', 0)
 2 SYSTEMPATH\Database\BaseConnection.php(693): CodeIgniter\Database\MySQLi\Connection->execute('INSERT INTO `merchandise` (`id`, `title`, `description`, `categorie`, `created_at`, `deleted`) VALUES (NULL, NULL, NULL, NULL, NULL, 0)')
 3 SYSTEMPATH\Database\BaseConnection.php(620): CodeIgniter\Database\BaseConnection->simpleQuery('INSERT INTO `merchandise` (`id`, `title`, `description`, `categorie`, `created_at`, `deleted`) VALUES (NULL, NULL, NULL, NULL, NULL, 0)')
 4 SYSTEMPATH\Database\BaseBuilder.php(1916): CodeIgniter\Database\BaseConnection->query('INSERT INTO `merchandise` (`id`, `title`, `description`, `categorie`, `created_at`, `deleted`) VALUES (:id:, :title:, :description:, :categorie:, :created_at:, :deleted:)', [...], false)
 5 APPPATH\Models\merchandiseModel.php(20): CodeIgniter\Database\BaseBuilder->insert([...])
 6 APPPATH\Controllers\merchandise.php(43): App\Models\merchandiseModel->addMerchandise([...])
 7 SYSTEMPATH\CodeIgniter.php(907): App\Controllers\merchandise->create()
 8 SYSTEMPATH\CodeIgniter.php(457): CodeIgniter\CodeIgniter->runController(Object(App\Controllers\merchandise))
 9 SYSTEMPATH\CodeIgniter.php(340): CodeIgniter\CodeIgniter->handleRequest(null, Object(Config\Cache), false)
10 FCPATH\index.php(67): CodeIgniter\CodeIgniter->run()
CRITICAL - 2022-10-07 10:56:51 --> Unknown column 'stock.deleted' in 'where clause'
in SYSTEMPATH\Database\MySQLi\Connection.php on line 292.
 1 SYSTEMPATH\Database\MySQLi\Connection.php(292): mysqli->query('SELECT *
FROM `stock_merchandise`
JOIN `merchandise` ON `merchandise`.`id` = `stock`.`id`
WHERE `stock`.`deleted` = 0
AND `merchandise`.`deleted` = 0', 0)
 2 SYSTEMPATH\Database\BaseConnection.php(693): CodeIgniter\Database\MySQLi\Connection->execute('SELECT *
FROM `stock_merchandise`
JOIN `merchandise` ON `merchandise`.`id` = `stock`.`id`
WHERE `stock`.`deleted` = 0
AND `merchandise`.`deleted` = 0')
 3 SYSTEMPATH\Database\BaseConnection.php(620): CodeIgniter\Database\BaseConnection->simpleQuery('SELECT *
FROM `stock_merchandise`
JOIN `merchandise` ON `merchandise`.`id` = `stock`.`id`
WHERE `stock`.`deleted` = 0
AND `merchandise`.`deleted` = 0')
 4 SYSTEMPATH\Database\BaseBuilder.php(1718): CodeIgniter\Database\BaseConnection->query('SELECT *
FROM `stock_merchandise`
JOIN `merchandise` ON `merchandise`.`id` = `stock`.`id`
WHERE `stock`.`deleted` = :stock.deleted:
AND `merchandise`.`deleted` = :merchandise.deleted:', [...], false)
 5 APPPATH\Models\stockModel.php(43): CodeIgniter\Database\BaseBuilder->getWhere([...])
 6 APPPATH\Controllers\stock_merchandise.php(23): App\Models\stockModel->getAllRecords()
 7 SYSTEMPATH\CodeIgniter.php(907): App\Controllers\stock_merchandise->index()
 8 SYSTEMPATH\CodeIgniter.php(457): CodeIgniter\CodeIgniter->runController(Object(App\Controllers\stock_merchandise))
 9 SYSTEMPATH\CodeIgniter.php(340): CodeIgniter\CodeIgniter->handleRequest(null, Object(Config\Cache), false)
10 FCPATH\index.php(67): CodeIgniter\CodeIgniter->run()
CRITICAL - 2022-10-07 10:58:14 --> Unknown column 'stock_merchandise.id' in 'on clause'
in SYSTEMPATH\Database\MySQLi\Connection.php on line 292.
 1 SYSTEMPATH\Database\MySQLi\Connection.php(292): mysqli->query('SELECT *
FROM `stock_merchandise`
JOIN `merchandise` ON `merchandise`.`id` = `stock_merchandise`.`id`
WHERE `stock_merchandise`.`deleted` = 0
AND `merchandise`.`deleted` = 0', 0)
 2 SYSTEMPATH\Database\BaseConnection.php(693): CodeIgniter\Database\MySQLi\Connection->execute('SELECT *
FROM `stock_merchandise`
JOIN `merchandise` ON `merchandise`.`id` = `stock_merchandise`.`id`
WHERE `stock_merchandise`.`deleted` = 0
AND `merchandise`.`deleted` = 0')
 3 SYSTEMPATH\Database\BaseConnection.php(620): CodeIgniter\Database\BaseConnection->simpleQuery('SELECT *
FROM `stock_merchandise`
JOIN `merchandise` ON `merchandise`.`id` = `stock_merchandise`.`id`
WHERE `stock_merchandise`.`deleted` = 0
AND `merchandise`.`deleted` = 0')
 4 SYSTEMPATH\Database\BaseBuilder.php(1718): CodeIgniter\Database\BaseConnection->query('SELECT *
FROM `stock_merchandise`
JOIN `merchandise` ON `merchandise`.`id` = `stock_merchandise`.`id`
WHERE `stock_merchandise`.`deleted` = :stock_merchandise.deleted:
AND `merchandise`.`deleted` = :merchandise.deleted:', [...], false)
 5 APPPATH\Models\stockModel.php(43): CodeIgniter\Database\BaseBuilder->getWhere([...])
 6 APPPATH\Controllers\stock_merchandise.php(23): App\Models\stockModel->getAllRecords()
 7 SYSTEMPATH\CodeIgniter.php(907): App\Controllers\stock_merchandise->index()
 8 SYSTEMPATH\CodeIgniter.php(457): CodeIgniter\CodeIgniter->runController(Object(App\Controllers\stock_merchandise))
 9 SYSTEMPATH\CodeIgniter.php(340): CodeIgniter\CodeIgniter->handleRequest(null, Object(Config\Cache), false)
10 FCPATH\index.php(67): CodeIgniter\CodeIgniter->run()
CRITICAL - 2022-10-07 11:05:28 --> Undefined property: App\Controllers\stock_merchandise::$merchandiseModel
in APPPATH\Controllers\stock_merchandise.php on line 48.
 1 APPPATH\Controllers\stock_merchandise.php(48): CodeIgniter\Debug\Exceptions->errorHandler(8, 'Undefined property: App\\Controllers\\stock_merchandise::$merchandiseModel', 'APPPATH\\Controllers\\stock_merchandise.php', 48, [...])
 2 SYSTEMPATH\CodeIgniter.php(907): App\Controllers\stock_merchandise->create()
 3 SYSTEMPATH\CodeIgniter.php(457): CodeIgniter\CodeIgniter->runController(Object(App\Controllers\stock_merchandise))
 4 SYSTEMPATH\CodeIgniter.php(340): CodeIgniter\CodeIgniter->handleRequest(null, Object(Config\Cache), false)
 5 FCPATH\index.php(67): CodeIgniter\CodeIgniter->run()
CRITICAL - 2022-10-07 11:09:08 --> unique is not a valid rule.
in SYSTEMPATH\Validation\Validation.php on line 323.
 1 SYSTEMPATH\Validation\Validation.php(323): CodeIgniter\Validation\Exceptions\ValidationException::forRuleNotFound('unique')
 2 SYSTEMPATH\Validation\Validation.php(175): CodeIgniter\Validation\Validation->processRules('id_merchandise', 'id_merchandise', '1', [...], [...])
 3 SYSTEMPATH\Controller.php(140): CodeIgniter\Validation\Validation->run()
 4 APPPATH\Controllers\stock_merchandise.php(36): CodeIgniter\Controller->validate([...])
 5 SYSTEMPATH\CodeIgniter.php(907): App\Controllers\stock_merchandise->create()
 6 SYSTEMPATH\CodeIgniter.php(457): CodeIgniter\CodeIgniter->runController(Object(App\Controllers\stock_merchandise))
 7 SYSTEMPATH\CodeIgniter.php(340): CodeIgniter\CodeIgniter->handleRequest(null, Object(Config\Cache), false)
 8 FCPATH\index.php(67): CodeIgniter\CodeIgniter->run()
CRITICAL - 2022-10-07 11:09:53 --> is_notunique is not a valid rule.
in SYSTEMPATH\Validation\Validation.php on line 323.
 1 SYSTEMPATH\Validation\Validation.php(323): CodeIgniter\Validation\Exceptions\ValidationException::forRuleNotFound('is_notunique')
 2 SYSTEMPATH\Validation\Validation.php(175): CodeIgniter\Validation\Validation->processRules('id_merchandise', 'id_merchandise', '1', [...], [...])
 3 SYSTEMPATH\Controller.php(140): CodeIgniter\Validation\Validation->run()
 4 APPPATH\Controllers\stock_merchandise.php(36): CodeIgniter\Controller->validate([...])
 5 SYSTEMPATH\CodeIgniter.php(907): App\Controllers\stock_merchandise->create()
 6 SYSTEMPATH\CodeIgniter.php(457): CodeIgniter\CodeIgniter->runController(Object(App\Controllers\stock_merchandise))
 7 SYSTEMPATH\CodeIgniter.php(340): CodeIgniter\CodeIgniter->handleRequest(null, Object(Config\Cache), false)
 8 FCPATH\index.php(67): CodeIgniter\CodeIgniter->run()
CRITICAL - 2022-10-07 11:10:36 --> Undefined property: App\Controllers\stock_merchandise::$merchandiseModel
in APPPATH\Controllers\stock_merchandise.php on line 50.
 1 APPPATH\Controllers\stock_merchandise.php(50): CodeIgniter\Debug\Exceptions->errorHandler(8, 'Undefined property: App\\Controllers\\stock_merchandise::$merchandiseModel', 'APPPATH\\Controllers\\stock_merchandise.php', 50, [...])
 2 SYSTEMPATH\CodeIgniter.php(907): App\Controllers\stock_merchandise->create()
 3 SYSTEMPATH\CodeIgniter.php(457): CodeIgniter\CodeIgniter->runController(Object(App\Controllers\stock_merchandise))
 4 SYSTEMPATH\CodeIgniter.php(340): CodeIgniter\CodeIgniter->handleRequest(null, Object(Config\Cache), false)
 5 FCPATH\index.php(67): CodeIgniter\CodeIgniter->run()
CRITICAL - 2022-10-07 11:11:11 --> Undefined property: App\Controllers\stock_merchandise::$merchandiseModel
in APPPATH\Controllers\stock_merchandise.php on line 50.
 1 APPPATH\Controllers\stock_merchandise.php(50): CodeIgniter\Debug\Exceptions->errorHandler(8, 'Undefined property: App\\Controllers\\stock_merchandise::$merchandiseModel', 'APPPATH\\Controllers\\stock_merchandise.php', 50, [...])
 2 SYSTEMPATH\CodeIgniter.php(907): App\Controllers\stock_merchandise->create()
 3 SYSTEMPATH\CodeIgniter.php(457): CodeIgniter\CodeIgniter->runController(Object(App\Controllers\stock_merchandise))
 4 SYSTEMPATH\CodeIgniter.php(340): CodeIgniter\CodeIgniter->handleRequest(null, Object(Config\Cache), false)
 5 FCPATH\index.php(67): CodeIgniter\CodeIgniter->run()
CRITICAL - 2022-10-07 11:11:42 --> You must set the database table to be used with your query.
in SYSTEMPATH\Database\BaseConnection.php on line 872.
 1 SYSTEMPATH\Model.php(587): CodeIgniter\Database\BaseConnection->table(null)
 2 SYSTEMPATH\Model.php(764): CodeIgniter\Model->builder()
 3 APPPATH\Controllers\stock_merchandise.php(50): CodeIgniter\Model->__call('addMerchandise', [...])
 4 SYSTEMPATH\CodeIgniter.php(907): App\Controllers\stock_merchandise->create()
 5 SYSTEMPATH\CodeIgniter.php(457): CodeIgniter\CodeIgniter->runController(Object(App\Controllers\stock_merchandise))
 6 SYSTEMPATH\CodeIgniter.php(340): CodeIgniter\CodeIgniter->handleRequest(null, Object(Config\Cache), false)
 7 FCPATH\index.php(67): CodeIgniter\CodeIgniter->run()
CRITICAL - 2022-10-07 11:14:37 --> Column 'id_merchandise' cannot be null
in SYSTEMPATH\Database\MySQLi\Connection.php on line 292.
 1 SYSTEMPATH\Database\MySQLi\Connection.php(292): mysqli->query('INSERT INTO `stock_merchandise` (`id_stock`, `id_merchandise`, `description`, `pu_by`, `amount_by`, `decrease`, `saler`, `create_at`, `deleted`) VALUES (NULL, NULL, \'Ravitaillement\', \'12\', \'12\', \'0.5\', \'Alex\', \'2022-10-07 00:00:00\', 0)', 0)
 2 SYSTEMPATH\Database\BaseConnection.php(693): CodeIgniter\Database\MySQLi\Connection->execute('INSERT INTO `stock_merchandise` (`id_stock`, `id_merchandise`, `description`, `pu_by`, `amount_by`, `decrease`, `saler`, `create_at`, `deleted`) VALUES (NULL, NULL, \'Ravitaillement\', \'12\', \'12\', \'0.5\', \'Alex\', \'2022-10-07 00:00:00\', 0)')
 3 SYSTEMPATH\Database\BaseConnection.php(620): CodeIgniter\Database\BaseConnection->simpleQuery('INSERT INTO `stock_merchandise` (`id_stock`, `id_merchandise`, `description`, `pu_by`, `amount_by`, `decrease`, `saler`, `create_at`, `deleted`) VALUES (NULL, NULL, \'Ravitaillement\', \'12\', \'12\', \'0.5\', \'Alex\', \'2022-10-07 00:00:00\', 0)')
 4 SYSTEMPATH\Database\BaseBuilder.php(1916): CodeIgniter\Database\BaseConnection->query('INSERT INTO `stock_merchandise` (`id_stock`, `id_merchandise`, `description`, `pu_by`, `amount_by`, `decrease`, `saler`, `create_at`, `deleted`) VALUES (:id_stock:, :id_merchandise:, :description:, :pu_by:, :amount_by:, :decrease:, :saler:, :create_at:, :deleted:)', [...], false)
 5 APPPATH\Models\stockModel.php(22): CodeIgniter\Database\BaseBuilder->insert([...])
 6 APPPATH\Controllers\stock_merchandise.php(50): App\Models\stockModel->addStock([...])
 7 SYSTEMPATH\CodeIgniter.php(907): App\Controllers\stock_merchandise->create()
 8 SYSTEMPATH\CodeIgniter.php(457): CodeIgniter\CodeIgniter->runController(Object(App\Controllers\stock_merchandise))
 9 SYSTEMPATH\CodeIgniter.php(340): CodeIgniter\CodeIgniter->handleRequest(null, Object(Config\Cache), false)
10 FCPATH\index.php(67): CodeIgniter\CodeIgniter->run()
CRITICAL - 2022-10-07 11:19:02 --> Unknown column 'pu_by*amount_by' in 'field list'
in SYSTEMPATH\Database\MySQLi\Connection.php on line 292.
 1 SYSTEMPATH\Database\MySQLi\Connection.php(292): mysqli->query('SELECT `id_stock`, `id_merchandise`, `title`, `decrease`, `stock_merchandise`.`create_at`, `pu_by*amount_by` as `pt`
FROM `stock_merchandise`
JOIN `merchandise` ON `merchandise`.`id` = `stock_merchandise`.`id_merchandise`
WHERE `stock_merchandise`.`deleted` = 0
AND `merchandise`.`deleted` = 0', 0)
 2 SYSTEMPATH\Database\BaseConnection.php(693): CodeIgniter\Database\MySQLi\Connection->execute('SELECT `id_stock`, `id_merchandise`, `title`, `decrease`, `stock_merchandise`.`create_at`, `pu_by*amount_by` as `pt`
FROM `stock_merchandise`
JOIN `merchandise` ON `merchandise`.`id` = `stock_merchandise`.`id_merchandise`
WHERE `stock_merchandise`.`deleted` = 0
AND `merchandise`.`deleted` = 0')
 3 SYSTEMPATH\Database\BaseConnection.php(620): CodeIgniter\Database\BaseConnection->simpleQuery('SELECT `id_stock`, `id_merchandise`, `title`, `decrease`, `stock_merchandise`.`create_at`, `pu_by*amount_by` as `pt`
FROM `stock_merchandise`
JOIN `merchandise` ON `merchandise`.`id` = `stock_merchandise`.`id_merchandise`
WHERE `stock_merchandise`.`deleted` = 0
AND `merchandise`.`deleted` = 0')
 4 SYSTEMPATH\Database\BaseBuilder.php(1718): CodeIgniter\Database\BaseConnection->query('SELECT `id_stock`, `id_merchandise`, `title`, `decrease`, `stock_merchandise`.`create_at`, `pu_by*amount_by` as `pt`
FROM `stock_merchandise`
JOIN `merchandise` ON `merchandise`.`id` = `stock_merchandise`.`id_merchandise`
WHERE `stock_merchandise`.`deleted` = :stock_merchandise.deleted:
AND `merchandise`.`deleted` = :merchandise.deleted:', [...], false)
 5 APPPATH\Models\stockModel.php(43): CodeIgniter\Database\BaseBuilder->getWhere([...])
 6 APPPATH\Controllers\stock_merchandise.php(23): App\Models\stockModel->getAllRecords()
 7 SYSTEMPATH\CodeIgniter.php(907): App\Controllers\stock_merchandise->index()
 8 SYSTEMPATH\CodeIgniter.php(457): CodeIgniter\CodeIgniter->runController(Object(App\Controllers\stock_merchandise))
 9 SYSTEMPATH\CodeIgniter.php(340): CodeIgniter\CodeIgniter->handleRequest(null, Object(Config\Cache), false)
10 FCPATH\index.php(67): CodeIgniter\CodeIgniter->run()
CRITICAL - 2022-10-07 11:41:16 --> You must set the database table to be used with your query.
in SYSTEMPATH\Database\BaseConnection.php on line 872.
 1 SYSTEMPATH\Model.php(587): CodeIgniter\Database\BaseConnection->table(null)
 2 SYSTEMPATH\Model.php(764): CodeIgniter\Model->builder()
 3 APPPATH\Controllers\stock_merchandise.php(81): CodeIgniter\Model->__call('edit', [...])
 4 SYSTEMPATH\CodeIgniter.php(907): App\Controllers\stock_merchandise->edit('1')
 5 SYSTEMPATH\CodeIgniter.php(457): CodeIgniter\CodeIgniter->runController(Object(App\Controllers\stock_merchandise))
 6 SYSTEMPATH\CodeIgniter.php(340): CodeIgniter\CodeIgniter->handleRequest(null, Object(Config\Cache), false)
 7 FCPATH\index.php(67): CodeIgniter\CodeIgniter->run()
CRITICAL - 2022-10-07 11:41:37 --> Unknown column 'id' in 'where clause'
in SYSTEMPATH\Database\MySQLi\Connection.php on line 292.
 1 SYSTEMPATH\Database\MySQLi\Connection.php(292): mysqli->query('UPDATE `stock_merchandise` SET `id_merchandise` = \'1\', `description` = \'Ravitaillement des biens \', `pu_by` = \'12\', `amount_by` = \'12\', `decrease` = \'0.5\', `saler` = \'Alex\', `create_at` = \'2022-10-07 00:00:00\'
WHERE `id` = \'1\'', 0)
 2 SYSTEMPATH\Database\BaseConnection.php(693): CodeIgniter\Database\MySQLi\Connection->execute('UPDATE `stock_merchandise` SET `id_merchandise` = \'1\', `description` = \'Ravitaillement des biens \', `pu_by` = \'12\', `amount_by` = \'12\', `decrease` = \'0.5\', `saler` = \'Alex\', `create_at` = \'2022-10-07 00:00:00\'
WHERE `id` = \'1\'')
 3 SYSTEMPATH\Database\BaseConnection.php(620): CodeIgniter\Database\BaseConnection->simpleQuery('UPDATE `stock_merchandise` SET `id_merchandise` = \'1\', `description` = \'Ravitaillement des biens \', `pu_by` = \'12\', `amount_by` = \'12\', `decrease` = \'0.5\', `saler` = \'Alex\', `create_at` = \'2022-10-07 00:00:00\'
WHERE `id` = \'1\'')
 4 SYSTEMPATH\Database\BaseBuilder.php(2079): CodeIgniter\Database\BaseConnection->query('UPDATE `stock_merchandise` SET `id_merchandise` = :id_merchandise:, `description` = :description:, `pu_by` = :pu_by:, `amount_by` = :amount_by:, `decrease` = :decrease:, `saler` = :saler:, `create_at` = :create_at:
WHERE `id` = :id:', [...], false)
 5 APPPATH\Models\stockModel.php(27): CodeIgniter\Database\BaseBuilder->update([...])
 6 APPPATH\Controllers\stock_merchandise.php(81): App\Models\stockModel->editStock([...], '1')
 7 SYSTEMPATH\CodeIgniter.php(907): App\Controllers\stock_merchandise->edit('1')
 8 SYSTEMPATH\CodeIgniter.php(457): CodeIgniter\CodeIgniter->runController(Object(App\Controllers\stock_merchandise))
 9 SYSTEMPATH\CodeIgniter.php(340): CodeIgniter\CodeIgniter->handleRequest(null, Object(Config\Cache), false)
10 FCPATH\index.php(67): CodeIgniter\CodeIgniter->run()
CRITICAL - 2022-10-07 13:12:07 --> Table 'humanapp.idstock' doesn't exist
in SYSTEMPATH\Database\MySQLi\Connection.php on line 292.
 1 SYSTEMPATH\Database\MySQLi\Connection.php(292): mysqli->query('SELECT 1
FROM `idStock`
WHERE `id` = \'\'
 LIMIT 1', 0)
 2 SYSTEMPATH\Database\BaseConnection.php(693): CodeIgniter\Database\MySQLi\Connection->execute('SELECT 1
FROM `idStock`
WHERE `id` = \'\'
 LIMIT 1')
 3 SYSTEMPATH\Database\BaseConnection.php(620): CodeIgniter\Database\BaseConnection->simpleQuery('SELECT 1
FROM `idStock`
WHERE `id` = \'\'
 LIMIT 1')
 4 SYSTEMPATH\Database\BaseBuilder.php(1585): CodeIgniter\Database\BaseConnection->query('SELECT 1
FROM `idStock`
WHERE `id` = :id:
 LIMIT 1', [...], false)
 5 SYSTEMPATH\Validation\Rules.php(104): CodeIgniter\Database\BaseBuilder->get()
 6 SYSTEMPATH\Validation\Validation.php(315): CodeIgniter\Validation\Rules->is_not_unique('ROOTPATH\\public', 'id', [...], null)
 7 SYSTEMPATH\Validation\Validation.php(175): CodeIgniter\Validation\Validation->processRules('idStock', 'idStock', 'ROOTPATH\\public', [...], [...])
 8 SYSTEMPATH\Controller.php(140): CodeIgniter\Validation\Validation->run()
 9 APPPATH\Controllers\invoice.php(34): CodeIgniter\Controller->validate([...])
10 SYSTEMPATH\CodeIgniter.php(907): App\Controllers\invoice->create()
11 SYSTEMPATH\CodeIgniter.php(457): CodeIgniter\CodeIgniter->runController(Object(App\Controllers\invoice))
12 SYSTEMPATH\CodeIgniter.php(340): CodeIgniter\CodeIgniter->handleRequest(null, Object(Config\Cache), false)
13 FCPATH\index.php(67): CodeIgniter\CodeIgniter->run()
CRITICAL - 2022-10-07 13:13:05 --> You must set the database table to be used with your query.
in SYSTEMPATH\Database\BaseConnection.php on line 872.
 1 SYSTEMPATH\Model.php(587): CodeIgniter\Database\BaseConnection->table(null)
 2 SYSTEMPATH\Model.php(764): CodeIgniter\Model->builder()
 3 APPPATH\Controllers\invoice.php(47): CodeIgniter\Model->__call('addMerchandise', [...])
 4 SYSTEMPATH\CodeIgniter.php(907): App\Controllers\invoice->create()
 5 SYSTEMPATH\CodeIgniter.php(457): CodeIgniter\CodeIgniter->runController(Object(App\Controllers\invoice))
 6 SYSTEMPATH\CodeIgniter.php(340): CodeIgniter\CodeIgniter->handleRequest(null, Object(Config\Cache), false)
 7 FCPATH\index.php(67): CodeIgniter\CodeIgniter->run()
CRITICAL - 2022-10-07 13:13:56 --> Unknown column 'idStock' in 'field list'
in SYSTEMPATH\Database\MySQLi\Connection.php on line 292.
 1 SYSTEMPATH\Database\MySQLi\Connection.php(292): mysqli->query('INSERT INTO `invoice` (`id_invoice`, `idStock`, `client`, `decrease`, `pu_sale`, `amount_sale`, `created_at`, `deleted`) VALUES (NULL, \'1\', \'murhchristian@gmail.com \', \'0.5\', \'3\', \'12\', \'2022-10-07 00:00:00\', 0)', 0)
 2 SYSTEMPATH\Database\BaseConnection.php(693): CodeIgniter\Database\MySQLi\Connection->execute('INSERT INTO `invoice` (`id_invoice`, `idStock`, `client`, `decrease`, `pu_sale`, `amount_sale`, `created_at`, `deleted`) VALUES (NULL, \'1\', \'murhchristian@gmail.com \', \'0.5\', \'3\', \'12\', \'2022-10-07 00:00:00\', 0)')
 3 SYSTEMPATH\Database\BaseConnection.php(620): CodeIgniter\Database\BaseConnection->simpleQuery('INSERT INTO `invoice` (`id_invoice`, `idStock`, `client`, `decrease`, `pu_sale`, `amount_sale`, `created_at`, `deleted`) VALUES (NULL, \'1\', \'murhchristian@gmail.com \', \'0.5\', \'3\', \'12\', \'2022-10-07 00:00:00\', 0)')
 4 SYSTEMPATH\Database\BaseBuilder.php(1916): CodeIgniter\Database\BaseConnection->query('INSERT INTO `invoice` (`id_invoice`, `idStock`, `client`, `decrease`, `pu_sale`, `amount_sale`, `created_at`, `deleted`) VALUES (:id_invoice:, :idStock:, :client:, :decrease:, :pu_sale:, :amount_sale:, :created_at:, :deleted:)', [...], false)
 5 APPPATH\Models\invoiceModel.php(22): CodeIgniter\Database\BaseBuilder->insert([...])
 6 APPPATH\Controllers\invoice.php(47): App\Models\invoiceModel->addinvoice([...])
 7 SYSTEMPATH\CodeIgniter.php(907): App\Controllers\invoice->create()
 8 SYSTEMPATH\CodeIgniter.php(457): CodeIgniter\CodeIgniter->runController(Object(App\Controllers\invoice))
 9 SYSTEMPATH\CodeIgniter.php(340): CodeIgniter\CodeIgniter->handleRequest(null, Object(Config\Cache), false)
10 FCPATH\index.php(67): CodeIgniter\CodeIgniter->run()
CRITICAL - 2022-10-07 13:24:30 --> Array to string conversion
in APPPATH\Controllers\invoice.php on line 40.
 1 [internal function]: CodeIgniter\Debug\Exceptions->errorHandler(8, 'Array to string conversion', 'APPPATH\\Controllers\\invoice.php', 40, [...])
 2 APPPATH\Controllers\invoice.php(40): implode('<br>', [...])
 3 SYSTEMPATH\CodeIgniter.php(907): App\Controllers\invoice->create()
 4 SYSTEMPATH\CodeIgniter.php(457): CodeIgniter\CodeIgniter->runController(Object(App\Controllers\invoice))
 5 SYSTEMPATH\CodeIgniter.php(340): CodeIgniter\CodeIgniter->handleRequest(null, Object(Config\Cache), false)
 6 FCPATH\index.php(67): CodeIgniter\CodeIgniter->run()
CRITICAL - 2022-10-07 13:25:19 --> Unknown column 'created_at' in 'field list'
in SYSTEMPATH\Database\MySQLi\Connection.php on line 292.
 1 SYSTEMPATH\Database\MySQLi\Connection.php(292): mysqli->query('INSERT INTO `invoice` (`id_invoice`, `id_stock`, `client`, `decrease`, `pu_sale`, `amount_sale`, `created_at`, `deleted`) VALUES (NULL, NULL, \'murhchristian@gmail.com \', \'0.5\', \'3\', \'12\', \'2022-10-07 00:00:00\', 0)', 0)
 2 SYSTEMPATH\Database\BaseConnection.php(693): CodeIgniter\Database\MySQLi\Connection->execute('INSERT INTO `invoice` (`id_invoice`, `id_stock`, `client`, `decrease`, `pu_sale`, `amount_sale`, `created_at`, `deleted`) VALUES (NULL, NULL, \'murhchristian@gmail.com \', \'0.5\', \'3\', \'12\', \'2022-10-07 00:00:00\', 0)')
 3 SYSTEMPATH\Database\BaseConnection.php(620): CodeIgniter\Database\BaseConnection->simpleQuery('INSERT INTO `invoice` (`id_invoice`, `id_stock`, `client`, `decrease`, `pu_sale`, `amount_sale`, `created_at`, `deleted`) VALUES (NULL, NULL, \'murhchristian@gmail.com \', \'0.5\', \'3\', \'12\', \'2022-10-07 00:00:00\', 0)')
 4 SYSTEMPATH\Database\BaseBuilder.php(1916): CodeIgniter\Database\BaseConnection->query('INSERT INTO `invoice` (`id_invoice`, `id_stock`, `client`, `decrease`, `pu_sale`, `amount_sale`, `created_at`, `deleted`) VALUES (:id_invoice:, :id_stock:, :client:, :decrease:, :pu_sale:, :amount_sale:, :created_at:, :deleted:)', [...], false)
 5 APPPATH\Models\invoiceModel.php(22): CodeIgniter\Database\BaseBuilder->insert([...])
 6 APPPATH\Controllers\invoice.php(52): App\Models\invoiceModel->addinvoice([...])
 7 SYSTEMPATH\CodeIgniter.php(907): App\Controllers\invoice->create()
 8 SYSTEMPATH\CodeIgniter.php(457): CodeIgniter\CodeIgniter->runController(Object(App\Controllers\invoice))
 9 SYSTEMPATH\CodeIgniter.php(340): CodeIgniter\CodeIgniter->handleRequest(null, Object(Config\Cache), false)
10 FCPATH\index.php(67): CodeIgniter\CodeIgniter->run()
CRITICAL - 2022-10-07 13:26:00 --> Column 'id_stock' cannot be null
in SYSTEMPATH\Database\MySQLi\Connection.php on line 292.
 1 SYSTEMPATH\Database\MySQLi\Connection.php(292): mysqli->query('INSERT INTO `invoice` (`id_invoice`, `id_stock`, `client`, `decrease`, `pu_sale`, `amount_sale`, `created_at`, `deleted`) VALUES (NULL, NULL, \'murhchristian@gmail.com \', \'0.5\', \'3\', \'12\', \'2022-10-07 00:00:00\', 0)', 0)
 2 SYSTEMPATH\Database\BaseConnection.php(693): CodeIgniter\Database\MySQLi\Connection->execute('INSERT INTO `invoice` (`id_invoice`, `id_stock`, `client`, `decrease`, `pu_sale`, `amount_sale`, `created_at`, `deleted`) VALUES (NULL, NULL, \'murhchristian@gmail.com \', \'0.5\', \'3\', \'12\', \'2022-10-07 00:00:00\', 0)')
 3 SYSTEMPATH\Database\BaseConnection.php(620): CodeIgniter\Database\BaseConnection->simpleQuery('INSERT INTO `invoice` (`id_invoice`, `id_stock`, `client`, `decrease`, `pu_sale`, `amount_sale`, `created_at`, `deleted`) VALUES (NULL, NULL, \'murhchristian@gmail.com \', \'0.5\', \'3\', \'12\', \'2022-10-07 00:00:00\', 0)')
 4 SYSTEMPATH\Database\BaseBuilder.php(1916): CodeIgniter\Database\BaseConnection->query('INSERT INTO `invoice` (`id_invoice`, `id_stock`, `client`, `decrease`, `pu_sale`, `amount_sale`, `created_at`, `deleted`) VALUES (:id_invoice:, :id_stock:, :client:, :decrease:, :pu_sale:, :amount_sale:, :created_at:, :deleted:)', [...], false)
 5 APPPATH\Models\invoiceModel.php(22): CodeIgniter\Database\BaseBuilder->insert([...])
 6 APPPATH\Controllers\invoice.php(52): App\Models\invoiceModel->addinvoice([...])
 7 SYSTEMPATH\CodeIgniter.php(907): App\Controllers\invoice->create()
 8 SYSTEMPATH\CodeIgniter.php(457): CodeIgniter\CodeIgniter->runController(Object(App\Controllers\invoice))
 9 SYSTEMPATH\CodeIgniter.php(340): CodeIgniter\CodeIgniter->handleRequest(null, Object(Config\Cache), false)
10 FCPATH\index.php(67): CodeIgniter\CodeIgniter->run()
CRITICAL - 2022-10-07 19:23:19 --> Unknown column 'merchandise.deleted' in 'where clause'
in SYSTEMPATH\Database\MySQLi\Connection.php on line 292.
 1 SYSTEMPATH\Database\MySQLi\Connection.php(292): mysqli->query('SELECT *
FROM `invoice`
JOIN `stock_merchandise` ON `invoice`.`id_stock` = `stock_merchandise`.`id_stock`
WHERE `stock_merchandise`.`deleted` = 0
AND `invoice`.`deleted` = 0
AND `merchandise`.`deleted` = 0
AND `invoice`.`id_stock` = \'1\'
GROUP BY `invoice`.`id_stock`', 0)
 2 SYSTEMPATH\Database\BaseConnection.php(693): CodeIgniter\Database\MySQLi\Connection->execute('SELECT *
FROM `invoice`
JOIN `stock_merchandise` ON `invoice`.`id_stock` = `stock_merchandise`.`id_stock`
WHERE `stock_merchandise`.`deleted` = 0
AND `invoice`.`deleted` = 0
AND `merchandise`.`deleted` = 0
AND `invoice`.`id_stock` = \'1\'
GROUP BY `invoice`.`id_stock`')
 3 SYSTEMPATH\Database\BaseConnection.php(620): CodeIgniter\Database\BaseConnection->simpleQuery('SELECT *
FROM `invoice`
JOIN `stock_merchandise` ON `invoice`.`id_stock` = `stock_merchandise`.`id_stock`
WHERE `stock_merchandise`.`deleted` = 0
AND `invoice`.`deleted` = 0
AND `merchandise`.`deleted` = 0
AND `invoice`.`id_stock` = \'1\'
GROUP BY `invoice`.`id_stock`')
 4 SYSTEMPATH\Database\BaseBuilder.php(1718): CodeIgniter\Database\BaseConnection->query('SELECT *
FROM `invoice`
JOIN `stock_merchandise` ON `invoice`.`id_stock` = `stock_merchandise`.`id_stock`
WHERE `stock_merchandise`.`deleted` = :stock_merchandise.deleted:
AND `invoice`.`deleted` = :invoice.deleted:
AND `merchandise`.`deleted` = :merchandise.deleted:
AND `invoice`.`id_stock` = :invoice.id_stock:
GROUP BY `invoice`.`id_stock`', [...], false)
 5 APPPATH\Models\invoiceModel.php(52): CodeIgniter\Database\BaseBuilder->getWhere([...])
 6 APPPATH\Controllers\invoice.php(39): App\Models\invoiceModel->verifyAmount('1')
 7 SYSTEMPATH\CodeIgniter.php(907): App\Controllers\invoice->verifyAmount()
 8 SYSTEMPATH\CodeIgniter.php(457): CodeIgniter\CodeIgniter->runController(Object(App\Controllers\invoice))
 9 SYSTEMPATH\CodeIgniter.php(340): CodeIgniter\CodeIgniter->handleRequest(null, Object(Config\Cache), false)
10 FCPATH\index.php(67): CodeIgniter\CodeIgniter->run()
CRITICAL - 2022-10-07 19:27:29 --> Cannot use object of type stdClass as array
in APPPATH\Controllers\invoice.php on line 40.
 1 SYSTEMPATH\CodeIgniter.php(907): App\Controllers\invoice->verifyAmount()
 2 SYSTEMPATH\CodeIgniter.php(457): CodeIgniter\CodeIgniter->runController(Object(App\Controllers\invoice))
 3 SYSTEMPATH\CodeIgniter.php(340): CodeIgniter\CodeIgniter->handleRequest(null, Object(Config\Cache), false)
 4 FCPATH\index.php(67): CodeIgniter\CodeIgniter->run()
CRITICAL - 2022-10-07 20:07:30 --> Unknown column 'invoice.id' in 'where clause'
in SYSTEMPATH\Database\MySQLi\Connection.php on line 292.
 1 SYSTEMPATH\Database\MySQLi\Connection.php(292): mysqli->query('SELECT *
FROM `invoice`
JOIN `stock_merchandise` ON `invoice`.`id_stock` = `stock_merchandise`.`id_stock`
JOIN `merchandise` ON `merchandise`.`id` = `stock_merchandise`.`id_merchandise`
WHERE `stock_merchandise`.`deleted` = 0
AND `invoice`.`deleted` = 0
AND `merchandise`.`deleted` = 0
AND `invoice`.`id` = \'7\'', 0)
 2 SYSTEMPATH\Database\BaseConnection.php(693): CodeIgniter\Database\MySQLi\Connection->execute('SELECT *
FROM `invoice`
JOIN `stock_merchandise` ON `invoice`.`id_stock` = `stock_merchandise`.`id_stock`
JOIN `merchandise` ON `merchandise`.`id` = `stock_merchandise`.`id_merchandise`
WHERE `stock_merchandise`.`deleted` = 0
AND `invoice`.`deleted` = 0
AND `merchandise`.`deleted` = 0
AND `invoice`.`id` = \'7\'')
 3 SYSTEMPATH\Database\BaseConnection.php(620): CodeIgniter\Database\BaseConnection->simpleQuery('SELECT *
FROM `invoice`
JOIN `stock_merchandise` ON `invoice`.`id_stock` = `stock_merchandise`.`id_stock`
JOIN `merchandise` ON `merchandise`.`id` = `stock_merchandise`.`id_merchandise`
WHERE `stock_merchandise`.`deleted` = 0
AND `invoice`.`deleted` = 0
AND `merchandise`.`deleted` = 0
AND `invoice`.`id` = \'7\'')
 4 SYSTEMPATH\Database\BaseBuilder.php(1718): CodeIgniter\Database\BaseConnection->query('SELECT *
FROM `invoice`
JOIN `stock_merchandise` ON `invoice`.`id_stock` = `stock_merchandise`.`id_stock`
JOIN `merchandise` ON `merchandise`.`id` = `stock_merchandise`.`id_merchandise`
WHERE `stock_merchandise`.`deleted` = :stock_merchandise.deleted:
AND `invoice`.`deleted` = :invoice.deleted:
AND `merchandise`.`deleted` = :merchandise.deleted:
AND `invoice`.`id` = :invoice.id:', [...], false)
 5 APPPATH\Models\invoiceModel.php(39): CodeIgniter\Database\BaseBuilder->getWhere([...])
 6 APPPATH\Controllers\invoice.php(119): App\Models\invoiceModel->showRecord('7')
 7 SYSTEMPATH\CodeIgniter.php(907): App\Controllers\invoice->delete('7')
 8 SYSTEMPATH\CodeIgniter.php(457): CodeIgniter\CodeIgniter->runController(Object(App\Controllers\invoice))
 9 SYSTEMPATH\CodeIgniter.php(340): CodeIgniter\CodeIgniter->handleRequest(null, Object(Config\Cache), false)
10 FCPATH\index.php(67): CodeIgniter\CodeIgniter->run()
CRITICAL - 2022-10-07 20:08:54 --> Trying to get property 'amount_remaining' of non-object
in APPPATH\Controllers\invoice.php on line 70.
 1 APPPATH\Controllers\invoice.php(70): CodeIgniter\Debug\Exceptions->errorHandler(8, 'Trying to get property \'amount_remaining\' of non-object', 'APPPATH\\Controllers\\invoice.php', 70, [...])
 2 SYSTEMPATH\CodeIgniter.php(907): App\Controllers\invoice->create('1')
 3 SYSTEMPATH\CodeIgniter.php(457): CodeIgniter\CodeIgniter->runController(Object(App\Controllers\invoice))
 4 SYSTEMPATH\CodeIgniter.php(340): CodeIgniter\CodeIgniter->handleRequest(null, Object(Config\Cache), false)
 5 FCPATH\index.php(67): CodeIgniter\CodeIgniter->run()
CRITICAL - 2022-10-07 20:09:55 --> Trying to get property 'amount_remaining' of non-object
in APPPATH\Controllers\invoice.php on line 70.
 1 APPPATH\Controllers\invoice.php(70): CodeIgniter\Debug\Exceptions->errorHandler(8, 'Trying to get property \'amount_remaining\' of non-object', 'APPPATH\\Controllers\\invoice.php', 70, [...])
 2 SYSTEMPATH\CodeIgniter.php(907): App\Controllers\invoice->create('1')
 3 SYSTEMPATH\CodeIgniter.php(457): CodeIgniter\CodeIgniter->runController(Object(App\Controllers\invoice))
 4 SYSTEMPATH\CodeIgniter.php(340): CodeIgniter\CodeIgniter->handleRequest(null, Object(Config\Cache), false)
 5 FCPATH\index.php(67): CodeIgniter\CodeIgniter->run()
CRITICAL - 2022-10-07 20:11:38 --> Trying to get property 'amount_remaining' of non-object
in APPPATH\Controllers\invoice.php on line 40.
 1 APPPATH\Controllers\invoice.php(40): CodeIgniter\Debug\Exceptions->errorHandler(8, 'Trying to get property \'amount_remaining\' of non-object', 'APPPATH\\Controllers\\invoice.php', 40, [...])
 2 SYSTEMPATH\CodeIgniter.php(907): App\Controllers\invoice->verifyAmount()
 3 SYSTEMPATH\CodeIgniter.php(457): CodeIgniter\CodeIgniter->runController(Object(App\Controllers\invoice))
 4 SYSTEMPATH\CodeIgniter.php(340): CodeIgniter\CodeIgniter->handleRequest(null, Object(Config\Cache), false)
 5 FCPATH\index.php(67): CodeIgniter\CodeIgniter->run()
CRITICAL - 2022-10-07 20:19:45 --> Trying to get property 'amount_remaining' of non-object
in APPPATH\Controllers\invoice.php on line 46.
 1 APPPATH\Controllers\invoice.php(46): CodeIgniter\Debug\Exceptions->errorHandler(8, 'Trying to get property \'amount_remaining\' of non-object', 'APPPATH\\Controllers\\invoice.php', 46, [...])
 2 SYSTEMPATH\CodeIgniter.php(907): App\Controllers\invoice->verifyAmount()
 3 SYSTEMPATH\CodeIgniter.php(457): CodeIgniter\CodeIgniter->runController(Object(App\Controllers\invoice))
 4 SYSTEMPATH\CodeIgniter.php(340): CodeIgniter\CodeIgniter->handleRequest(null, Object(Config\Cache), false)
 5 FCPATH\index.php(67): CodeIgniter\CodeIgniter->run()
CRITICAL - 2022-10-07 20:20:20 --> count(): Parameter must be an array or an object that implements Countable
in APPPATH\Controllers\invoice.php on line 45.
 1 [internal function]: CodeIgniter\Debug\Exceptions->errorHandler(2, 'count(): Parameter must be an array or an object that implements Countable', 'APPPATH\\Controllers\\invoice.php', 45, [...])
 2 APPPATH\Controllers\invoice.php(45): count(null)
 3 SYSTEMPATH\CodeIgniter.php(907): App\Controllers\invoice->verifyAmount()
 4 SYSTEMPATH\CodeIgniter.php(457): CodeIgniter\CodeIgniter->runController(Object(App\Controllers\invoice))
 5 SYSTEMPATH\CodeIgniter.php(340): CodeIgniter\CodeIgniter->handleRequest(null, Object(Config\Cache), false)
 6 FCPATH\index.php(67): CodeIgniter\CodeIgniter->run()
CRITICAL - 2022-10-07 20:20:52 --> Trying to get property 'amount_remaining' of non-object
in APPPATH\Controllers\invoice.php on line 46.
 1 APPPATH\Controllers\invoice.php(46): CodeIgniter\Debug\Exceptions->errorHandler(8, 'Trying to get property \'amount_remaining\' of non-object', 'APPPATH\\Controllers\\invoice.php', 46, [...])
 2 SYSTEMPATH\CodeIgniter.php(907): App\Controllers\invoice->verifyAmount()
 3 SYSTEMPATH\CodeIgniter.php(457): CodeIgniter\CodeIgniter->runController(Object(App\Controllers\invoice))
 4 SYSTEMPATH\CodeIgniter.php(340): CodeIgniter\CodeIgniter->handleRequest(null, Object(Config\Cache), false)
 5 FCPATH\index.php(67): CodeIgniter\CodeIgniter->run()
CRITICAL - 2022-10-07 20:21:03 --> count(): Parameter must be an array or an object that implements Countable
in APPPATH\Controllers\invoice.php on line 45.
 1 [internal function]: CodeIgniter\Debug\Exceptions->errorHandler(2, 'count(): Parameter must be an array or an object that implements Countable', 'APPPATH\\Controllers\\invoice.php', 45, [...])
 2 APPPATH\Controllers\invoice.php(45): count(null)
 3 SYSTEMPATH\CodeIgniter.php(907): App\Controllers\invoice->verifyAmount()
 4 SYSTEMPATH\CodeIgniter.php(457): CodeIgniter\CodeIgniter->runController(Object(App\Controllers\invoice))
 5 SYSTEMPATH\CodeIgniter.php(340): CodeIgniter\CodeIgniter->handleRequest(null, Object(Config\Cache), false)
 6 FCPATH\index.php(67): CodeIgniter\CodeIgniter->run()
CRITICAL - 2022-10-07 20:21:44 --> count(): Parameter must be an array or an object that implements Countable
in APPPATH\Controllers\invoice.php on line 45.
 1 [internal function]: CodeIgniter\Debug\Exceptions->errorHandler(2, 'count(): Parameter must be an array or an object that implements Countable', 'APPPATH\\Controllers\\invoice.php', 45, [...])
 2 APPPATH\Controllers\invoice.php(45): count(null)
 3 SYSTEMPATH\CodeIgniter.php(907): App\Controllers\invoice->verifyAmount()
 4 SYSTEMPATH\CodeIgniter.php(457): CodeIgniter\CodeIgniter->runController(Object(App\Controllers\invoice))
 5 SYSTEMPATH\CodeIgniter.php(340): CodeIgniter\CodeIgniter->handleRequest(null, Object(Config\Cache), false)
 6 FCPATH\index.php(67): CodeIgniter\CodeIgniter->run()
CRITICAL - 2022-10-07 20:22:52 --> Trying to get property 'amount_remaining' of non-object
in APPPATH\Controllers\invoice.php on line 42.
 1 APPPATH\Controllers\invoice.php(42): CodeIgniter\Debug\Exceptions->errorHandler(8, 'Trying to get property \'amount_remaining\' of non-object', 'APPPATH\\Controllers\\invoice.php', 42, [...])
 2 SYSTEMPATH\CodeIgniter.php(907): App\Controllers\invoice->verifyAmount()
 3 SYSTEMPATH\CodeIgniter.php(457): CodeIgniter\CodeIgniter->runController(Object(App\Controllers\invoice))
 4 SYSTEMPATH\CodeIgniter.php(340): CodeIgniter\CodeIgniter->handleRequest(null, Object(Config\Cache), false)
 5 FCPATH\index.php(67): CodeIgniter\CodeIgniter->run()
CRITICAL - 2022-10-07 20:22:59 --> Trying to get property 'amount_remaining' of non-object
in APPPATH\Controllers\invoice.php on line 42.
 1 APPPATH\Controllers\invoice.php(42): CodeIgniter\Debug\Exceptions->errorHandler(8, 'Trying to get property \'amount_remaining\' of non-object', 'APPPATH\\Controllers\\invoice.php', 42, [...])
 2 SYSTEMPATH\CodeIgniter.php(907): App\Controllers\invoice->verifyAmount()
 3 SYSTEMPATH\CodeIgniter.php(457): CodeIgniter\CodeIgniter->runController(Object(App\Controllers\invoice))
 4 SYSTEMPATH\CodeIgniter.php(340): CodeIgniter\CodeIgniter->handleRequest(null, Object(Config\Cache), false)
 5 FCPATH\index.php(67): CodeIgniter\CodeIgniter->run()
