CRITICAL - 2022-09-26 00:09:21 --> syntax error, unexpected ','
in APPPATH\Libraries\CustomOauthStorage.php on line 63.
 1 SYSTEMPATH\Autoloader\Autoloader.php(259): CodeIgniter\Autoloader\Autoloader->includeFile('APPPATH\\Libraries\\CustomOauthStorage.php')
 2 SYSTEMPATH\Autoloader\Autoloader.php(237): CodeIgniter\Autoloader\Autoloader->loadInNamespace('App\\Libraries\\CustomOauthStorage')
 3 [internal function]: CodeIgniter\Autoloader\Autoloader->loadClass('App\\Libraries\\CustomOauthStorage')
 4 APPPATH\Libraries\Oauth.php(19): spl_autoload_call('App\\Libraries\\CustomOauthStorage')
 5 APPPATH\Libraries\Oauth.php(11): App\Libraries\Oauth->init()
 6 APPPATH\Controllers\User.php(16): App\Libraries\Oauth->__construct()
 7 SYSTEMPATH\CodeIgniter.php(907): App\Controllers\User->login()
 8 SYSTEMPATH\CodeIgniter.php(457): CodeIgniter\CodeIgniter->runController(Object(App\Controllers\User))
 9 SYSTEMPATH\CodeIgniter.php(340): CodeIgniter\CodeIgniter->handleRequest(null, Object(Config\Cache), false)
10 FCPATH\index.php(67): CodeIgniter\CodeIgniter->run()
CRITICAL - 2022-09-26 00:09:50 --> invalid data source name
in APPPATH\Libraries\CustomOauthStorage.php on line 66.
 1 APPPATH\Libraries\CustomOauthStorage.php(66): PDO->__construct('ROOTPATH\\public', 'ROOTPATH\\public', 'ROOTPATH\\public', [])
 2 APPPATH\Libraries\Oauth.php(19): App\Libraries\CustomOauthStorage->__construct([...])
 3 APPPATH\Libraries\Oauth.php(11): App\Libraries\Oauth->init()
 4 APPPATH\Controllers\User.php(16): App\Libraries\Oauth->__construct()
 5 SYSTEMPATH\CodeIgniter.php(907): App\Controllers\User->login()
 6 SYSTEMPATH\CodeIgniter.php(457): CodeIgniter\CodeIgniter->runController(Object(App\Controllers\User))
 7 SYSTEMPATH\CodeIgniter.php(340): CodeIgniter\CodeIgniter->handleRequest(null, Object(Config\Cache), false)
 8 FCPATH\index.php(67): CodeIgniter\CodeIgniter->run()
CRITICAL - 2022-09-26 00:09:54 --> invalid data source name
in APPPATH\Libraries\CustomOauthStorage.php on line 66.
 1 APPPATH\Libraries\CustomOauthStorage.php(66): PDO->__construct('ROOTPATH\\public', 'ROOTPATH\\public', 'ROOTPATH\\public', [])
 2 APPPATH\Libraries\Oauth.php(19): App\Libraries\CustomOauthStorage->__construct([...])
 3 APPPATH\Libraries\Oauth.php(11): App\Libraries\Oauth->init()
 4 APPPATH\Controllers\User.php(16): App\Libraries\Oauth->__construct()
 5 SYSTEMPATH\CodeIgniter.php(907): App\Controllers\User->login()
 6 SYSTEMPATH\CodeIgniter.php(457): CodeIgniter\CodeIgniter->runController(Object(App\Controllers\User))
 7 SYSTEMPATH\CodeIgniter.php(340): CodeIgniter\CodeIgniter->handleRequest(null, Object(Config\Cache), false)
 8 FCPATH\index.php(67): CodeIgniter\CodeIgniter->run()
CRITICAL - 2022-09-26 00:09:54 --> invalid data source name
in APPPATH\Libraries\CustomOauthStorage.php on line 66.
 1 APPPATH\Libraries\CustomOauthStorage.php(66): PDO->__construct('ROOTPATH\\public', 'ROOTPATH\\public', 'ROOTPATH\\public', [])
 2 APPPATH\Libraries\Oauth.php(19): App\Libraries\CustomOauthStorage->__construct([...])
 3 APPPATH\Libraries\Oauth.php(11): App\Libraries\Oauth->init()
 4 APPPATH\Controllers\User.php(16): App\Libraries\Oauth->__construct()
 5 SYSTEMPATH\CodeIgniter.php(907): App\Controllers\User->login()
 6 SYSTEMPATH\CodeIgniter.php(457): CodeIgniter\CodeIgniter->runController(Object(App\Controllers\User))
 7 SYSTEMPATH\CodeIgniter.php(340): CodeIgniter\CodeIgniter->handleRequest(null, Object(Config\Cache), false)
 8 FCPATH\index.php(67): CodeIgniter\CodeIgniter->run()
CRITICAL - 2022-09-26 00:11:14 --> invalid data source name
in APPPATH\Libraries\CustomOauthStorage.php on line 67.
 1 APPPATH\Libraries\CustomOauthStorage.php(67): PDO->__construct('ROOTPATH\\public', 'ROOTPATH\\public', 'ROOTPATH\\public', [])
 2 APPPATH\Libraries\Oauth.php(19): App\Libraries\CustomOauthStorage->__construct([...])
 3 APPPATH\Libraries\Oauth.php(11): App\Libraries\Oauth->init()
 4 APPPATH\Controllers\User.php(16): App\Libraries\Oauth->__construct()
 5 SYSTEMPATH\CodeIgniter.php(907): App\Controllers\User->login()
 6 SYSTEMPATH\CodeIgniter.php(457): CodeIgniter\CodeIgniter->runController(Object(App\Controllers\User))
 7 SYSTEMPATH\CodeIgniter.php(340): CodeIgniter\CodeIgniter->handleRequest(null, Object(Config\Cache), false)
 8 FCPATH\index.php(67): CodeIgniter\CodeIgniter->run()
CRITICAL - 2022-09-26 00:11:35 --> invalid data source name
in APPPATH\Libraries\CustomOauthStorage.php on line 67.
 1 APPPATH\Libraries\CustomOauthStorage.php(67): PDO->__construct('ROOTPATH\\public', 'ROOTPATH\\public', 'ROOTPATH\\public', [])
 2 APPPATH\Libraries\Oauth.php(19): App\Libraries\CustomOauthStorage->__construct([...])
 3 APPPATH\Libraries\Oauth.php(11): App\Libraries\Oauth->init()
 4 APPPATH\Controllers\User.php(16): App\Libraries\Oauth->__construct()
 5 SYSTEMPATH\CodeIgniter.php(907): App\Controllers\User->login()
 6 SYSTEMPATH\CodeIgniter.php(457): CodeIgniter\CodeIgniter->runController(Object(App\Controllers\User))
 7 SYSTEMPATH\CodeIgniter.php(340): CodeIgniter\CodeIgniter->handleRequest(null, Object(Config\Cache), false)
 8 FCPATH\index.php(67): CodeIgniter\CodeIgniter->run()
CRITICAL - 2022-09-26 00:11:37 --> invalid data source name
in APPPATH\Libraries\CustomOauthStorage.php on line 67.
 1 APPPATH\Libraries\CustomOauthStorage.php(67): PDO->__construct('ROOTPATH\\public', 'ROOTPATH\\public', 'ROOTPATH\\public', [])
 2 APPPATH\Libraries\Oauth.php(19): App\Libraries\CustomOauthStorage->__construct([...])
 3 APPPATH\Libraries\Oauth.php(11): App\Libraries\Oauth->init()
 4 APPPATH\Controllers\User.php(16): App\Libraries\Oauth->__construct()
 5 SYSTEMPATH\CodeIgniter.php(907): App\Controllers\User->login()
 6 SYSTEMPATH\CodeIgniter.php(457): CodeIgniter\CodeIgniter->runController(Object(App\Controllers\User))
 7 SYSTEMPATH\CodeIgniter.php(340): CodeIgniter\CodeIgniter->handleRequest(null, Object(Config\Cache), false)
 8 FCPATH\index.php(67): CodeIgniter\CodeIgniter->run()
CRITICAL - 2022-09-26 00:11:51 --> invalid data source name
in APPPATH\Libraries\CustomOauthStorage.php on line 67.
 1 APPPATH\Libraries\CustomOauthStorage.php(67): PDO->__construct('ROOTPATH\\public', 'ROOTPATH\\public', 'ROOTPATH\\public', [])
 2 APPPATH\Libraries\Oauth.php(19): App\Libraries\CustomOauthStorage->__construct([...])
 3 APPPATH\Libraries\Oauth.php(11): App\Libraries\Oauth->init()
 4 APPPATH\Controllers\User.php(16): App\Libraries\Oauth->__construct()
 5 SYSTEMPATH\CodeIgniter.php(907): App\Controllers\User->login()
 6 SYSTEMPATH\CodeIgniter.php(457): CodeIgniter\CodeIgniter->runController(Object(App\Controllers\User))
 7 SYSTEMPATH\CodeIgniter.php(340): CodeIgniter\CodeIgniter->handleRequest(null, Object(Config\Cache), false)
 8 FCPATH\index.php(67): CodeIgniter\CodeIgniter->run()
CRITICAL - 2022-09-26 00:11:53 --> invalid data source name
in APPPATH\Libraries\CustomOauthStorage.php on line 67.
 1 APPPATH\Libraries\CustomOauthStorage.php(67): PDO->__construct('ROOTPATH\\public', 'ROOTPATH\\public', 'ROOTPATH\\public', [])
 2 APPPATH\Libraries\Oauth.php(19): App\Libraries\CustomOauthStorage->__construct([...])
 3 APPPATH\Libraries\Oauth.php(11): App\Libraries\Oauth->init()
 4 APPPATH\Controllers\User.php(16): App\Libraries\Oauth->__construct()
 5 SYSTEMPATH\CodeIgniter.php(907): App\Controllers\User->login()
 6 SYSTEMPATH\CodeIgniter.php(457): CodeIgniter\CodeIgniter->runController(Object(App\Controllers\User))
 7 SYSTEMPATH\CodeIgniter.php(340): CodeIgniter\CodeIgniter->handleRequest(null, Object(Config\Cache), false)
 8 FCPATH\index.php(67): CodeIgniter\CodeIgniter->run()
CRITICAL - 2022-09-26 00:12:13 --> invalid data source name
in APPPATH\Libraries\CustomOauthStorage.php on line 67.
 1 APPPATH\Libraries\CustomOauthStorage.php(67): PDO->__construct('ROOTPATH\\public', 'ROOTPATH\\public', 'ROOTPATH\\public', [])
 2 APPPATH\Libraries\Oauth.php(19): App\Libraries\CustomOauthStorage->__construct([...])
 3 APPPATH\Libraries\Oauth.php(11): App\Libraries\Oauth->init()
 4 APPPATH\Controllers\User.php(16): App\Libraries\Oauth->__construct()
 5 SYSTEMPATH\CodeIgniter.php(907): App\Controllers\User->login()
 6 SYSTEMPATH\CodeIgniter.php(457): CodeIgniter\CodeIgniter->runController(Object(App\Controllers\User))
 7 SYSTEMPATH\CodeIgniter.php(340): CodeIgniter\CodeIgniter->handleRequest(null, Object(Config\Cache), false)
 8 FCPATH\index.php(67): CodeIgniter\CodeIgniter->run()
CRITICAL - 2022-09-26 00:13:03 --> invalid data source name
in APPPATH\Libraries\CustomOauthStorage.php on line 67.
 1 APPPATH\Libraries\CustomOauthStorage.php(67): PDO->__construct('ROOTPATH\\public', 'ROOTPATH\\public', 'ROOTPATH\\public', [])
 2 APPPATH\Libraries\Oauth.php(19): App\Libraries\CustomOauthStorage->__construct([...])
 3 APPPATH\Libraries\Oauth.php(11): App\Libraries\Oauth->init()
 4 APPPATH\Controllers\User.php(16): App\Libraries\Oauth->__construct()
 5 SYSTEMPATH\CodeIgniter.php(907): App\Controllers\User->login()
 6 SYSTEMPATH\CodeIgniter.php(457): CodeIgniter\CodeIgniter->runController(Object(App\Controllers\User))
 7 SYSTEMPATH\CodeIgniter.php(340): CodeIgniter\CodeIgniter->handleRequest(null, Object(Config\Cache), false)
 8 FCPATH\index.php(67): CodeIgniter\CodeIgniter->run()
CRITICAL - 2022-09-26 00:13:24 --> invalid data source name
in APPPATH\Libraries\CustomOauthStorage.php on line 67.
 1 APPPATH\Libraries\CustomOauthStorage.php(67): PDO->__construct('ROOTPATH\\public', 'ROOTPATH\\public', 'ROOTPATH\\public', [])
 2 APPPATH\Libraries\Oauth.php(19): App\Libraries\CustomOauthStorage->__construct([...])
 3 APPPATH\Libraries\Oauth.php(11): App\Libraries\Oauth->init()
 4 APPPATH\Controllers\User.php(16): App\Libraries\Oauth->__construct()
 5 SYSTEMPATH\CodeIgniter.php(907): App\Controllers\User->login()
 6 SYSTEMPATH\CodeIgniter.php(457): CodeIgniter\CodeIgniter->runController(Object(App\Controllers\User))
 7 SYSTEMPATH\CodeIgniter.php(340): CodeIgniter\CodeIgniter->handleRequest(null, Object(Config\Cache), false)
 8 FCPATH\index.php(67): CodeIgniter\CodeIgniter->run()
CRITICAL - 2022-09-26 00:13:25 --> invalid data source name
in APPPATH\Libraries\CustomOauthStorage.php on line 67.
 1 APPPATH\Libraries\CustomOauthStorage.php(67): PDO->__construct('ROOTPATH\\public', 'ROOTPATH\\public', 'ROOTPATH\\public', [])
 2 APPPATH\Libraries\Oauth.php(19): App\Libraries\CustomOauthStorage->__construct([...])
 3 APPPATH\Libraries\Oauth.php(11): App\Libraries\Oauth->init()
 4 APPPATH\Controllers\User.php(16): App\Libraries\Oauth->__construct()
 5 SYSTEMPATH\CodeIgniter.php(907): App\Controllers\User->login()
 6 SYSTEMPATH\CodeIgniter.php(457): CodeIgniter\CodeIgniter->runController(Object(App\Controllers\User))
 7 SYSTEMPATH\CodeIgniter.php(340): CodeIgniter\CodeIgniter->handleRequest(null, Object(Config\Cache), false)
 8 FCPATH\index.php(67): CodeIgniter\CodeIgniter->run()
CRITICAL - 2022-09-26 00:13:31 --> invalid data source name
in APPPATH\Libraries\CustomOauthStorage.php on line 67.
 1 APPPATH\Libraries\CustomOauthStorage.php(67): PDO->__construct('ROOTPATH\\public', 'ROOTPATH\\public', 'ROOTPATH\\public', [])
 2 APPPATH\Libraries\Oauth.php(19): App\Libraries\CustomOauthStorage->__construct([...])
 3 APPPATH\Libraries\Oauth.php(11): App\Libraries\Oauth->init()
 4 APPPATH\Controllers\User.php(16): App\Libraries\Oauth->__construct()
 5 SYSTEMPATH\CodeIgniter.php(907): App\Controllers\User->login()
 6 SYSTEMPATH\CodeIgniter.php(457): CodeIgniter\CodeIgniter->runController(Object(App\Controllers\User))
 7 SYSTEMPATH\CodeIgniter.php(340): CodeIgniter\CodeIgniter->handleRequest(null, Object(Config\Cache), false)
 8 FCPATH\index.php(67): CodeIgniter\CodeIgniter->run()
CRITICAL - 2022-09-26 00:13:32 --> invalid data source name
in APPPATH\Libraries\CustomOauthStorage.php on line 67.
 1 APPPATH\Libraries\CustomOauthStorage.php(67): PDO->__construct('ROOTPATH\\public', 'ROOTPATH\\public', 'ROOTPATH\\public', [])
 2 APPPATH\Libraries\Oauth.php(19): App\Libraries\CustomOauthStorage->__construct([...])
 3 APPPATH\Libraries\Oauth.php(11): App\Libraries\Oauth->init()
 4 APPPATH\Controllers\User.php(16): App\Libraries\Oauth->__construct()
 5 SYSTEMPATH\CodeIgniter.php(907): App\Controllers\User->login()
 6 SYSTEMPATH\CodeIgniter.php(457): CodeIgniter\CodeIgniter->runController(Object(App\Controllers\User))
 7 SYSTEMPATH\CodeIgniter.php(340): CodeIgniter\CodeIgniter->handleRequest(null, Object(Config\Cache), false)
 8 FCPATH\index.php(67): CodeIgniter\CodeIgniter->run()
CRITICAL - 2022-09-26 00:13:41 --> invalid data source name
in APPPATH\Libraries\CustomOauthStorage.php on line 68.
 1 APPPATH\Libraries\CustomOauthStorage.php(68): PDO->__construct('ROOTPATH\\public', 'ROOTPATH\\public', 'ROOTPATH\\public', [])
 2 APPPATH\Libraries\Oauth.php(19): App\Libraries\CustomOauthStorage->__construct([...])
 3 APPPATH\Libraries\Oauth.php(11): App\Libraries\Oauth->init()
 4 APPPATH\Controllers\User.php(16): App\Libraries\Oauth->__construct()
 5 SYSTEMPATH\CodeIgniter.php(907): App\Controllers\User->login()
 6 SYSTEMPATH\CodeIgniter.php(457): CodeIgniter\CodeIgniter->runController(Object(App\Controllers\User))
 7 SYSTEMPATH\CodeIgniter.php(340): CodeIgniter\CodeIgniter->handleRequest(null, Object(Config\Cache), false)
 8 FCPATH\index.php(67): CodeIgniter\CodeIgniter->run()
CRITICAL - 2022-09-26 00:13:53 --> invalid data source name
in APPPATH\Libraries\CustomOauthStorage.php on line 68.
 1 APPPATH\Libraries\CustomOauthStorage.php(68): PDO->__construct('ROOTPATH\\public', 'ROOTPATH\\public', 'ROOTPATH\\public', [])
 2 APPPATH\Libraries\Oauth.php(19): App\Libraries\CustomOauthStorage->__construct([...])
 3 APPPATH\Libraries\Oauth.php(11): App\Libraries\Oauth->init()
 4 APPPATH\Controllers\User.php(16): App\Libraries\Oauth->__construct()
 5 SYSTEMPATH\CodeIgniter.php(907): App\Controllers\User->login()
 6 SYSTEMPATH\CodeIgniter.php(457): CodeIgniter\CodeIgniter->runController(Object(App\Controllers\User))
 7 SYSTEMPATH\CodeIgniter.php(340): CodeIgniter\CodeIgniter->handleRequest(null, Object(Config\Cache), false)
 8 FCPATH\index.php(67): CodeIgniter\CodeIgniter->run()
CRITICAL - 2022-09-26 00:14:41 --> invalid data source name
in APPPATH\Libraries\CustomOauthStorage.php on line 68.
 1 APPPATH\Libraries\CustomOauthStorage.php(68): PDO->__construct('ROOTPATH\\public', 'ROOTPATH\\public', 'ROOTPATH\\public', [])
 2 APPPATH\Libraries\Oauth.php(19): App\Libraries\CustomOauthStorage->__construct([...])
 3 APPPATH\Libraries\Oauth.php(11): App\Libraries\Oauth->init()
 4 APPPATH\Controllers\User.php(16): App\Libraries\Oauth->__construct()
 5 SYSTEMPATH\CodeIgniter.php(907): App\Controllers\User->login()
 6 SYSTEMPATH\CodeIgniter.php(457): CodeIgniter\CodeIgniter->runController(Object(App\Controllers\User))
 7 SYSTEMPATH\CodeIgniter.php(340): CodeIgniter\CodeIgniter->handleRequest(null, Object(Config\Cache), false)
 8 FCPATH\index.php(67): CodeIgniter\CodeIgniter->run()
CRITICAL - 2022-09-26 00:14:44 --> invalid data source name
in APPPATH\Libraries\CustomOauthStorage.php on line 70.
 1 APPPATH\Libraries\CustomOauthStorage.php(70): PDO->__construct('ROOTPATH\\public', 'ROOTPATH\\public', 'ROOTPATH\\public', [])
 2 APPPATH\Libraries\Oauth.php(19): App\Libraries\CustomOauthStorage->__construct([...])
 3 APPPATH\Libraries\Oauth.php(11): App\Libraries\Oauth->init()
 4 APPPATH\Controllers\User.php(16): App\Libraries\Oauth->__construct()
 5 SYSTEMPATH\CodeIgniter.php(907): App\Controllers\User->login()
 6 SYSTEMPATH\CodeIgniter.php(457): CodeIgniter\CodeIgniter->runController(Object(App\Controllers\User))
 7 SYSTEMPATH\CodeIgniter.php(340): CodeIgniter\CodeIgniter->handleRequest(null, Object(Config\Cache), false)
 8 FCPATH\index.php(67): CodeIgniter\CodeIgniter->run()
CRITICAL - 2022-09-26 00:16:08 --> invalid data source name
in APPPATH\Libraries\CustomOauthStorage.php on line 70.
 1 APPPATH\Libraries\CustomOauthStorage.php(70): PDO->__construct('ROOTPATH\\public', 'ROOTPATH\\public', 'ROOTPATH\\public', [])
 2 APPPATH\Libraries\Oauth.php(19): App\Libraries\CustomOauthStorage->__construct([...])
 3 APPPATH\Libraries\Oauth.php(11): App\Libraries\Oauth->init()
 4 APPPATH\Controllers\User.php(16): App\Libraries\Oauth->__construct()
 5 SYSTEMPATH\CodeIgniter.php(907): App\Controllers\User->login()
 6 SYSTEMPATH\CodeIgniter.php(457): CodeIgniter\CodeIgniter->runController(Object(App\Controllers\User))
 7 SYSTEMPATH\CodeIgniter.php(340): CodeIgniter\CodeIgniter->handleRequest(null, Object(Config\Cache), false)
 8 FCPATH\index.php(67): CodeIgniter\CodeIgniter->run()
CRITICAL - 2022-09-26 00:16:45 --> invalid data source name
in APPPATH\Libraries\CustomOauthStorage.php on line 70.
 1 APPPATH\Libraries\CustomOauthStorage.php(70): PDO->__construct('ROOTPATH\\public', 'ROOTPATH\\public', 'ROOTPATH\\public', [])
 2 APPPATH\Libraries\Oauth.php(19): App\Libraries\CustomOauthStorage->__construct([...])
 3 APPPATH\Libraries\Oauth.php(11): App\Libraries\Oauth->init()
 4 APPPATH\Controllers\User.php(16): App\Libraries\Oauth->__construct()
 5 SYSTEMPATH\CodeIgniter.php(907): App\Controllers\User->login()
 6 SYSTEMPATH\CodeIgniter.php(457): CodeIgniter\CodeIgniter->runController(Object(App\Controllers\User))
 7 SYSTEMPATH\CodeIgniter.php(340): CodeIgniter\CodeIgniter->handleRequest(null, Object(Config\Cache), false)
 8 FCPATH\index.php(67): CodeIgniter\CodeIgniter->run()
CRITICAL - 2022-09-26 00:17:03 --> invalid data source name
in APPPATH\Libraries\CustomOauthStorage.php on line 70.
 1 APPPATH\Libraries\CustomOauthStorage.php(70): PDO->__construct('ROOTPATH\\public', 'ROOTPATH\\public', 'ROOTPATH\\public', [])
 2 APPPATH\Libraries\Oauth.php(19): App\Libraries\CustomOauthStorage->__construct([...])
 3 APPPATH\Libraries\Oauth.php(11): App\Libraries\Oauth->init()
 4 APPPATH\Controllers\User.php(16): App\Libraries\Oauth->__construct()
 5 SYSTEMPATH\CodeIgniter.php(907): App\Controllers\User->login()
 6 SYSTEMPATH\CodeIgniter.php(457): CodeIgniter\CodeIgniter->runController(Object(App\Controllers\User))
 7 SYSTEMPATH\CodeIgniter.php(340): CodeIgniter\CodeIgniter->handleRequest(null, Object(Config\Cache), false)
 8 FCPATH\index.php(67): CodeIgniter\CodeIgniter->run()
CRITICAL - 2022-09-26 00:17:04 --> invalid data source name
in APPPATH\Libraries\CustomOauthStorage.php on line 70.
 1 APPPATH\Libraries\CustomOauthStorage.php(70): PDO->__construct('ROOTPATH\\public', 'ROOTPATH\\public', 'ROOTPATH\\public', [])
 2 APPPATH\Libraries\Oauth.php(19): App\Libraries\CustomOauthStorage->__construct([...])
 3 APPPATH\Libraries\Oauth.php(11): App\Libraries\Oauth->init()
 4 APPPATH\Controllers\User.php(16): App\Libraries\Oauth->__construct()
 5 SYSTEMPATH\CodeIgniter.php(907): App\Controllers\User->login()
 6 SYSTEMPATH\CodeIgniter.php(457): CodeIgniter\CodeIgniter->runController(Object(App\Controllers\User))
 7 SYSTEMPATH\CodeIgniter.php(340): CodeIgniter\CodeIgniter->handleRequest(null, Object(Config\Cache), false)
 8 FCPATH\index.php(67): CodeIgniter\CodeIgniter->run()
CRITICAL - 2022-09-26 00:18:02 --> syntax error, unexpected '$storage' (T_VARIABLE)
in APPPATH\Libraries\Oauth.php on line 20.
 1 SYSTEMPATH\Autoloader\Autoloader.php(259): CodeIgniter\Autoloader\Autoloader->includeFile('APPPATH\\Libraries\\Oauth.php')
 2 SYSTEMPATH\Autoloader\Autoloader.php(237): CodeIgniter\Autoloader\Autoloader->loadInNamespace('App\\Libraries\\Oauth')
 3 [internal function]: CodeIgniter\Autoloader\Autoloader->loadClass('App\\Libraries\\Oauth')
 4 APPPATH\Controllers\User.php(16): spl_autoload_call('App\\Libraries\\Oauth')
 5 SYSTEMPATH\CodeIgniter.php(907): App\Controllers\User->login()
 6 SYSTEMPATH\CodeIgniter.php(457): CodeIgniter\CodeIgniter->runController(Object(App\Controllers\User))
 7 SYSTEMPATH\CodeIgniter.php(340): CodeIgniter\CodeIgniter->handleRequest(null, Object(Config\Cache), false)
 8 FCPATH\index.php(67): CodeIgniter\CodeIgniter->run()
CRITICAL - 2022-09-26 00:18:15 --> syntax error, unexpected '$storage' (T_VARIABLE)
in APPPATH\Libraries\Oauth.php on line 20.
 1 SYSTEMPATH\Autoloader\Autoloader.php(259): CodeIgniter\Autoloader\Autoloader->includeFile('APPPATH\\Libraries\\Oauth.php')
 2 SYSTEMPATH\Autoloader\Autoloader.php(237): CodeIgniter\Autoloader\Autoloader->loadInNamespace('App\\Libraries\\Oauth')
 3 [internal function]: CodeIgniter\Autoloader\Autoloader->loadClass('App\\Libraries\\Oauth')
 4 APPPATH\Controllers\User.php(16): spl_autoload_call('App\\Libraries\\Oauth')
 5 SYSTEMPATH\CodeIgniter.php(907): App\Controllers\User->login()
 6 SYSTEMPATH\CodeIgniter.php(457): CodeIgniter\CodeIgniter->runController(Object(App\Controllers\User))
 7 SYSTEMPATH\CodeIgniter.php(340): CodeIgniter\CodeIgniter->handleRequest(null, Object(Config\Cache), false)
 8 FCPATH\index.php(67): CodeIgniter\CodeIgniter->run()
CRITICAL - 2022-09-26 00:18:16 --> syntax error, unexpected '$storage' (T_VARIABLE)
in APPPATH\Libraries\Oauth.php on line 20.
 1 SYSTEMPATH\Autoloader\Autoloader.php(259): CodeIgniter\Autoloader\Autoloader->includeFile('APPPATH\\Libraries\\Oauth.php')
 2 SYSTEMPATH\Autoloader\Autoloader.php(237): CodeIgniter\Autoloader\Autoloader->loadInNamespace('App\\Libraries\\Oauth')
 3 [internal function]: CodeIgniter\Autoloader\Autoloader->loadClass('App\\Libraries\\Oauth')
 4 APPPATH\Controllers\User.php(16): spl_autoload_call('App\\Libraries\\Oauth')
 5 SYSTEMPATH\CodeIgniter.php(907): App\Controllers\User->login()
 6 SYSTEMPATH\CodeIgniter.php(457): CodeIgniter\CodeIgniter->runController(Object(App\Controllers\User))
 7 SYSTEMPATH\CodeIgniter.php(340): CodeIgniter\CodeIgniter->handleRequest(null, Object(Config\Cache), false)
 8 FCPATH\index.php(67): CodeIgniter\CodeIgniter->run()
CRITICAL - 2022-09-26 00:18:18 --> syntax error, unexpected '$storage' (T_VARIABLE)
in APPPATH\Libraries\Oauth.php on line 20.
 1 SYSTEMPATH\Autoloader\Autoloader.php(259): CodeIgniter\Autoloader\Autoloader->includeFile('APPPATH\\Libraries\\Oauth.php')
 2 SYSTEMPATH\Autoloader\Autoloader.php(237): CodeIgniter\Autoloader\Autoloader->loadInNamespace('App\\Libraries\\Oauth')
 3 [internal function]: CodeIgniter\Autoloader\Autoloader->loadClass('App\\Libraries\\Oauth')
 4 APPPATH\Controllers\User.php(16): spl_autoload_call('App\\Libraries\\Oauth')
 5 SYSTEMPATH\CodeIgniter.php(907): App\Controllers\User->login()
 6 SYSTEMPATH\CodeIgniter.php(457): CodeIgniter\CodeIgniter->runController(Object(App\Controllers\User))
 7 SYSTEMPATH\CodeIgniter.php(340): CodeIgniter\CodeIgniter->handleRequest(null, Object(Config\Cache), false)
 8 FCPATH\index.php(67): CodeIgniter\CodeIgniter->run()
CRITICAL - 2022-09-26 00:18:59 --> syntax error, unexpected '$storage' (T_VARIABLE)
in APPPATH\Libraries\Oauth.php on line 20.
 1 SYSTEMPATH\Autoloader\Autoloader.php(259): CodeIgniter\Autoloader\Autoloader->includeFile('APPPATH\\Libraries\\Oauth.php')
 2 SYSTEMPATH\Autoloader\Autoloader.php(237): CodeIgniter\Autoloader\Autoloader->loadInNamespace('App\\Libraries\\Oauth')
 3 [internal function]: CodeIgniter\Autoloader\Autoloader->loadClass('App\\Libraries\\Oauth')
 4 APPPATH\Controllers\User.php(16): spl_autoload_call('App\\Libraries\\Oauth')
 5 SYSTEMPATH\CodeIgniter.php(907): App\Controllers\User->login()
 6 SYSTEMPATH\CodeIgniter.php(457): CodeIgniter\CodeIgniter->runController(Object(App\Controllers\User))
 7 SYSTEMPATH\CodeIgniter.php(340): CodeIgniter\CodeIgniter->handleRequest(null, Object(Config\Cache), false)
 8 FCPATH\index.php(67): CodeIgniter\CodeIgniter->run()
CRITICAL - 2022-09-26 00:28:41 --> invalid data source name
in APPPATH\Libraries\CustomOauthStorage.php on line 70.
 1 APPPATH\Libraries\CustomOauthStorage.php(70): PDO->__construct('ROOTPATH\\public', 'ROOTPATH\\public', 'ROOTPATH\\public', [])
 2 APPPATH\Libraries\Oauth.php(18): App\Libraries\CustomOauthStorage->__construct([...])
 3 APPPATH\Libraries\Oauth.php(11): App\Libraries\Oauth->init()
 4 APPPATH\Controllers\User.php(16): App\Libraries\Oauth->__construct()
 5 SYSTEMPATH\CodeIgniter.php(907): App\Controllers\User->login()
 6 SYSTEMPATH\CodeIgniter.php(457): CodeIgniter\CodeIgniter->runController(Object(App\Controllers\User))
 7 SYSTEMPATH\CodeIgniter.php(340): CodeIgniter\CodeIgniter->handleRequest(null, Object(Config\Cache), false)
 8 FCPATH\index.php(67): CodeIgniter\CodeIgniter->run()
CRITICAL - 2022-09-26 00:33:38 --> invalid data source name
in APPPATH\Libraries\CustomOauthStorage.php on line 70.
 1 APPPATH\Libraries\CustomOauthStorage.php(70): PDO->__construct('ROOTPATH\\public', 'ROOTPATH\\public', 'ROOTPATH\\public', [])
 2 APPPATH\Libraries\Oauth.php(18): App\Libraries\CustomOauthStorage->__construct([...])
 3 APPPATH\Libraries\Oauth.php(11): App\Libraries\Oauth->init()
 4 APPPATH\Controllers\User.php(16): App\Libraries\Oauth->__construct()
 5 SYSTEMPATH\CodeIgniter.php(907): App\Controllers\User->login()
 6 SYSTEMPATH\CodeIgniter.php(457): CodeIgniter\CodeIgniter->runController(Object(App\Controllers\User))
 7 SYSTEMPATH\CodeIgniter.php(340): CodeIgniter\CodeIgniter->handleRequest(null, Object(Config\Cache), false)
 8 FCPATH\index.php(67): CodeIgniter\CodeIgniter->run()
CRITICAL - 2022-09-26 00:33:39 --> invalid data source name
in APPPATH\Libraries\CustomOauthStorage.php on line 70.
 1 APPPATH\Libraries\CustomOauthStorage.php(70): PDO->__construct('ROOTPATH\\public', 'ROOTPATH\\public', 'ROOTPATH\\public', [])
 2 APPPATH\Libraries\Oauth.php(18): App\Libraries\CustomOauthStorage->__construct([...])
 3 APPPATH\Libraries\Oauth.php(11): App\Libraries\Oauth->init()
 4 APPPATH\Controllers\User.php(16): App\Libraries\Oauth->__construct()
 5 SYSTEMPATH\CodeIgniter.php(907): App\Controllers\User->login()
 6 SYSTEMPATH\CodeIgniter.php(457): CodeIgniter\CodeIgniter->runController(Object(App\Controllers\User))
 7 SYSTEMPATH\CodeIgniter.php(340): CodeIgniter\CodeIgniter->handleRequest(null, Object(Config\Cache), false)
 8 FCPATH\index.php(67): CodeIgniter\CodeIgniter->run()
CRITICAL - 2022-09-26 00:33:49 --> invalid data source name
in APPPATH\Libraries\CustomOauthStorage.php on line 70.
 1 APPPATH\Libraries\CustomOauthStorage.php(70): PDO->__construct('ROOTPATH\\public', 'ROOTPATH\\public', 'ROOTPATH\\public', [])
 2 APPPATH\Libraries\Oauth.php(18): App\Libraries\CustomOauthStorage->__construct([...])
 3 APPPATH\Libraries\Oauth.php(11): App\Libraries\Oauth->init()
 4 APPPATH\Controllers\User.php(16): App\Libraries\Oauth->__construct()
 5 SYSTEMPATH\CodeIgniter.php(907): App\Controllers\User->login()
 6 SYSTEMPATH\CodeIgniter.php(457): CodeIgniter\CodeIgniter->runController(Object(App\Controllers\User))
 7 SYSTEMPATH\CodeIgniter.php(340): CodeIgniter\CodeIgniter->handleRequest(null, Object(Config\Cache), false)
 8 FCPATH\index.php(67): CodeIgniter\CodeIgniter->run()
CRITICAL - 2022-09-26 00:36:59 --> invalid data source name
in APPPATH\Libraries\CustomOauthStorage.php on line 69.
 1 APPPATH\Libraries\CustomOauthStorage.php(69): PDO->__construct('ROOTPATH\\public', 'ROOTPATH\\public', 'ROOTPATH\\public', [])
 2 APPPATH\Libraries\Oauth.php(18): App\Libraries\CustomOauthStorage->__construct([...])
 3 APPPATH\Libraries\Oauth.php(11): App\Libraries\Oauth->init()
 4 APPPATH\Controllers\User.php(16): App\Libraries\Oauth->__construct()
 5 SYSTEMPATH\CodeIgniter.php(907): App\Controllers\User->login()
 6 SYSTEMPATH\CodeIgniter.php(457): CodeIgniter\CodeIgniter->runController(Object(App\Controllers\User))
 7 SYSTEMPATH\CodeIgniter.php(340): CodeIgniter\CodeIgniter->handleRequest(null, Object(Config\Cache), false)
 8 FCPATH\index.php(67): CodeIgniter\CodeIgniter->run()
CRITICAL - 2022-09-26 00:41:07 --> invalid data source name
in APPPATH\Libraries\CustomOauthStorage.php on line 69.
 1 APPPATH\Libraries\CustomOauthStorage.php(69): PDO->__construct('ROOTPATH\\public', 'ROOTPATH\\public', 'ROOTPATH\\public', [])
 2 APPPATH\Libraries\Oauth.php(18): App\Libraries\CustomOauthStorage->__construct([...])
 3 APPPATH\Libraries\Oauth.php(11): App\Libraries\Oauth->init()
 4 APPPATH\Controllers\User.php(16): App\Libraries\Oauth->__construct()
 5 SYSTEMPATH\CodeIgniter.php(907): App\Controllers\User->login()
 6 SYSTEMPATH\CodeIgniter.php(457): CodeIgniter\CodeIgniter->runController(Object(App\Controllers\User))
 7 SYSTEMPATH\CodeIgniter.php(340): CodeIgniter\CodeIgniter->handleRequest(null, Object(Config\Cache), false)
 8 FCPATH\index.php(67): CodeIgniter\CodeIgniter->run()
CRITICAL - 2022-09-26 00:47:48 --> invalid data source name
in APPPATH\Libraries\CustomOauthStorage.php on line 69.
 1 APPPATH\Libraries\CustomOauthStorage.php(69): PDO->__construct('ROOTPATH\\public', 'ROOTPATH\\public', 'ROOTPATH\\public', [])
 2 APPPATH\Libraries\Oauth.php(18): App\Libraries\CustomOauthStorage->__construct([...])
 3 APPPATH\Libraries\Oauth.php(11): App\Libraries\Oauth->init()
 4 APPPATH\Controllers\User.php(16): App\Libraries\Oauth->__construct()
 5 SYSTEMPATH\CodeIgniter.php(907): App\Controllers\User->login()
 6 SYSTEMPATH\CodeIgniter.php(457): CodeIgniter\CodeIgniter->runController(Object(App\Controllers\User))
 7 SYSTEMPATH\CodeIgniter.php(340): CodeIgniter\CodeIgniter->handleRequest(null, Object(Config\Cache), false)
 8 FCPATH\index.php(67): CodeIgniter\CodeIgniter->run()
CRITICAL - 2022-09-26 00:47:53 --> Call to a member function handleTokenRequest() on null
in APPPATH\Controllers\User.php on line 18.
 1 SYSTEMPATH\CodeIgniter.php(907): App\Controllers\User->login()
 2 SYSTEMPATH\CodeIgniter.php(457): CodeIgniter\CodeIgniter->runController(Object(App\Controllers\User))
 3 SYSTEMPATH\CodeIgniter.php(340): CodeIgniter\CodeIgniter->handleRequest(null, Object(Config\Cache), false)
 4 FCPATH\index.php(67): CodeIgniter\CodeIgniter->run()
CRITICAL - 2022-09-26 00:48:37 --> Call to a member function handleTokenRequest() on null
in APPPATH\Controllers\User.php on line 18.
 1 SYSTEMPATH\CodeIgniter.php(907): App\Controllers\User->login()
 2 SYSTEMPATH\CodeIgniter.php(457): CodeIgniter\CodeIgniter->runController(Object(App\Controllers\User))
 3 SYSTEMPATH\CodeIgniter.php(340): CodeIgniter\CodeIgniter->handleRequest(null, Object(Config\Cache), false)
 4 FCPATH\index.php(67): CodeIgniter\CodeIgniter->run()
CRITICAL - 2022-09-26 00:49:02 --> invalid data source name
in APPPATH\Libraries\CustomOauthStorage.php on line 69.
 1 APPPATH\Libraries\CustomOauthStorage.php(69): PDO->__construct('ROOTPATH\\public', 'ROOTPATH\\public', 'ROOTPATH\\public', [])
 2 APPPATH\Libraries\Oauth.php(18): App\Libraries\CustomOauthStorage->__construct([...])
 3 APPPATH\Libraries\Oauth.php(11): App\Libraries\Oauth->init()
 4 APPPATH\Controllers\User.php(16): App\Libraries\Oauth->__construct()
 5 SYSTEMPATH\CodeIgniter.php(907): App\Controllers\User->login()
 6 SYSTEMPATH\CodeIgniter.php(457): CodeIgniter\CodeIgniter->runController(Object(App\Controllers\User))
 7 SYSTEMPATH\CodeIgniter.php(340): CodeIgniter\CodeIgniter->handleRequest(null, Object(Config\Cache), false)
 8 FCPATH\index.php(67): CodeIgniter\CodeIgniter->run()
CRITICAL - 2022-09-26 00:49:26 --> invalid data source name
in APPPATH\Libraries\CustomOauthStorage.php on line 69.
 1 APPPATH\Libraries\CustomOauthStorage.php(69): PDO->__construct('ROOTPATH\\public', 'ROOTPATH\\public', 'ROOTPATH\\public', [])
 2 APPPATH\Libraries\Oauth.php(18): App\Libraries\CustomOauthStorage->__construct([...])
 3 APPPATH\Libraries\Oauth.php(11): App\Libraries\Oauth->init()
 4 APPPATH\Controllers\User.php(16): App\Libraries\Oauth->__construct()
 5 SYSTEMPATH\CodeIgniter.php(907): App\Controllers\User->login()
 6 SYSTEMPATH\CodeIgniter.php(457): CodeIgniter\CodeIgniter->runController(Object(App\Controllers\User))
 7 SYSTEMPATH\CodeIgniter.php(340): CodeIgniter\CodeIgniter->handleRequest(null, Object(Config\Cache), false)
 8 FCPATH\index.php(67): CodeIgniter\CodeIgniter->run()
CRITICAL - 2022-09-26 00:49:48 --> invalid data source name
in APPPATH\Libraries\CustomOauthStorage.php on line 69.
 1 APPPATH\Libraries\CustomOauthStorage.php(69): PDO->__construct('ROOTPATH\\public', 'ROOTPATH\\public', 'ROOTPATH\\public', [])
 2 APPPATH\Libraries\Oauth.php(18): App\Libraries\CustomOauthStorage->__construct([...])
 3 APPPATH\Libraries\Oauth.php(11): App\Libraries\Oauth->init()
 4 APPPATH\Controllers\User.php(16): App\Libraries\Oauth->__construct()
 5 SYSTEMPATH\CodeIgniter.php(907): App\Controllers\User->login()
 6 SYSTEMPATH\CodeIgniter.php(457): CodeIgniter\CodeIgniter->runController(Object(App\Controllers\User))
 7 SYSTEMPATH\CodeIgniter.php(340): CodeIgniter\CodeIgniter->handleRequest(null, Object(Config\Cache), false)
 8 FCPATH\index.php(67): CodeIgniter\CodeIgniter->run()
CRITICAL - 2022-09-26 00:50:17 --> invalid data source name
in APPPATH\Libraries\CustomOauthStorage.php on line 69.
 1 APPPATH\Libraries\CustomOauthStorage.php(69): PDO->__construct('ROOTPATH\\public', 'ROOTPATH\\public', 'ROOTPATH\\public', [])
 2 APPPATH\Libraries\Oauth.php(18): App\Libraries\CustomOauthStorage->__construct([...])
 3 APPPATH\Libraries\Oauth.php(11): App\Libraries\Oauth->init()
 4 APPPATH\Controllers\User.php(16): App\Libraries\Oauth->__construct()
 5 SYSTEMPATH\CodeIgniter.php(907): App\Controllers\User->login()
 6 SYSTEMPATH\CodeIgniter.php(457): CodeIgniter\CodeIgniter->runController(Object(App\Controllers\User))
 7 SYSTEMPATH\CodeIgniter.php(340): CodeIgniter\CodeIgniter->handleRequest(null, Object(Config\Cache), false)
 8 FCPATH\index.php(67): CodeIgniter\CodeIgniter->run()
CRITICAL - 2022-09-26 00:57:37 --> syntax error, unexpected 'if' (T_IF)
in APPPATH\Libraries\CustomOauthStorage.php on line 52.
 1 SYSTEMPATH\Autoloader\Autoloader.php(259): CodeIgniter\Autoloader\Autoloader->includeFile('APPPATH\\Libraries\\CustomOauthStorage.php')
 2 SYSTEMPATH\Autoloader\Autoloader.php(237): CodeIgniter\Autoloader\Autoloader->loadInNamespace('App\\Libraries\\CustomOauthStorage')
 3 [internal function]: CodeIgniter\Autoloader\Autoloader->loadClass('App\\Libraries\\CustomOauthStorage')
 4 APPPATH\Libraries\Oauth.php(18): spl_autoload_call('App\\Libraries\\CustomOauthStorage')
 5 APPPATH\Libraries\Oauth.php(11): App\Libraries\Oauth->init()
 6 APPPATH\Controllers\User.php(16): App\Libraries\Oauth->__construct()
 7 SYSTEMPATH\CodeIgniter.php(907): App\Controllers\User->login()
 8 SYSTEMPATH\CodeIgniter.php(457): CodeIgniter\CodeIgniter->runController(Object(App\Controllers\User))
 9 SYSTEMPATH\CodeIgniter.php(340): CodeIgniter\CodeIgniter->handleRequest(null, Object(Config\Cache), false)
10 FCPATH\index.php(67): CodeIgniter\CodeIgniter->run()
CRITICAL - 2022-09-26 00:57:45 --> syntax error, unexpected 'if' (T_IF)
in APPPATH\Libraries\CustomOauthStorage.php on line 52.
 1 SYSTEMPATH\Autoloader\Autoloader.php(259): CodeIgniter\Autoloader\Autoloader->includeFile('APPPATH\\Libraries\\CustomOauthStorage.php')
 2 SYSTEMPATH\Autoloader\Autoloader.php(237): CodeIgniter\Autoloader\Autoloader->loadInNamespace('App\\Libraries\\CustomOauthStorage')
 3 [internal function]: CodeIgniter\Autoloader\Autoloader->loadClass('App\\Libraries\\CustomOauthStorage')
 4 APPPATH\Libraries\Oauth.php(18): spl_autoload_call('App\\Libraries\\CustomOauthStorage')
 5 APPPATH\Libraries\Oauth.php(11): App\Libraries\Oauth->init()
 6 APPPATH\Controllers\User.php(16): App\Libraries\Oauth->__construct()
 7 SYSTEMPATH\CodeIgniter.php(907): App\Controllers\User->login()
 8 SYSTEMPATH\CodeIgniter.php(457): CodeIgniter\CodeIgniter->runController(Object(App\Controllers\User))
 9 SYSTEMPATH\CodeIgniter.php(340): CodeIgniter\CodeIgniter->handleRequest(null, Object(Config\Cache), false)
10 FCPATH\index.php(67): CodeIgniter\CodeIgniter->run()
CRITICAL - 2022-09-26 00:57:46 --> syntax error, unexpected 'if' (T_IF)
in APPPATH\Libraries\CustomOauthStorage.php on line 52.
 1 SYSTEMPATH\Autoloader\Autoloader.php(259): CodeIgniter\Autoloader\Autoloader->includeFile('APPPATH\\Libraries\\CustomOauthStorage.php')
 2 SYSTEMPATH\Autoloader\Autoloader.php(237): CodeIgniter\Autoloader\Autoloader->loadInNamespace('App\\Libraries\\CustomOauthStorage')
 3 [internal function]: CodeIgniter\Autoloader\Autoloader->loadClass('App\\Libraries\\CustomOauthStorage')
 4 APPPATH\Libraries\Oauth.php(18): spl_autoload_call('App\\Libraries\\CustomOauthStorage')
 5 APPPATH\Libraries\Oauth.php(11): App\Libraries\Oauth->init()
 6 APPPATH\Controllers\User.php(16): App\Libraries\Oauth->__construct()
 7 SYSTEMPATH\CodeIgniter.php(907): App\Controllers\User->login()
 8 SYSTEMPATH\CodeIgniter.php(457): CodeIgniter\CodeIgniter->runController(Object(App\Controllers\User))
 9 SYSTEMPATH\CodeIgniter.php(340): CodeIgniter\CodeIgniter->handleRequest(null, Object(Config\Cache), false)
10 FCPATH\index.php(67): CodeIgniter\CodeIgniter->run()
CRITICAL - 2022-09-26 00:57:47 --> syntax error, unexpected 'if' (T_IF)
in APPPATH\Libraries\CustomOauthStorage.php on line 52.
 1 SYSTEMPATH\Autoloader\Autoloader.php(259): CodeIgniter\Autoloader\Autoloader->includeFile('APPPATH\\Libraries\\CustomOauthStorage.php')
 2 SYSTEMPATH\Autoloader\Autoloader.php(237): CodeIgniter\Autoloader\Autoloader->loadInNamespace('App\\Libraries\\CustomOauthStorage')
 3 [internal function]: CodeIgniter\Autoloader\Autoloader->loadClass('App\\Libraries\\CustomOauthStorage')
 4 APPPATH\Libraries\Oauth.php(18): spl_autoload_call('App\\Libraries\\CustomOauthStorage')
 5 APPPATH\Libraries\Oauth.php(11): App\Libraries\Oauth->init()
 6 APPPATH\Controllers\User.php(16): App\Libraries\Oauth->__construct()
 7 SYSTEMPATH\CodeIgniter.php(907): App\Controllers\User->login()
 8 SYSTEMPATH\CodeIgniter.php(457): CodeIgniter\CodeIgniter->runController(Object(App\Controllers\User))
 9 SYSTEMPATH\CodeIgniter.php(340): CodeIgniter\CodeIgniter->handleRequest(null, Object(Config\Cache), false)
10 FCPATH\index.php(67): CodeIgniter\CodeIgniter->run()
