CRITICAL - 2022-10-09 20:48:24 --> syntax error, unexpected '->' (T_OBJECT_OPERATOR), expecting identifier (T_STRING) or variable (T_VARIABLE) or '{' or '$'
in APPPATH\Models\merchandiseModel.php on line 36.
 1 SYSTEMPATH\Autoloader\Autoloader.php(259): CodeIgniter\Autoloader\Autoloader->includeFile('APPPATH\\Models\\merchandiseModel.php')
 2 SYSTEMPATH\Autoloader\Autoloader.php(237): CodeIgniter\Autoloader\Autoloader->loadInNamespace('App\\Models\\merchandiseModel')
 3 [internal function]: CodeIgniter\Autoloader\Autoloader->loadClass('App\\Models\\merchandiseModel')
 4 APPPATH\Controllers\merchandise.php(17): spl_autoload_call('App\\Models\\merchandiseModel')
 5 SYSTEMPATH\CodeIgniter.php(869): App\Controllers\merchandise->__construct()
 6 SYSTEMPATH\CodeIgniter.php(448): CodeIgniter\CodeIgniter->createController()
 7 SYSTEMPATH\CodeIgniter.php(340): CodeIgniter\CodeIgniter->handleRequest(null, Object(Config\Cache), false)
 8 FCPATH\index.php(67): CodeIgniter\CodeIgniter->run()
CRITICAL - 2022-10-09 20:48:24 --> syntax error, unexpected '->' (T_OBJECT_OPERATOR), expecting identifier (T_STRING) or variable (T_VARIABLE) or '{' or '$'
in APPPATH\Models\merchandiseModel.php on line 36.
 1 SYSTEMPATH\Autoloader\Autoloader.php(259): CodeIgniter\Autoloader\Autoloader->includeFile('APPPATH\\Models\\merchandiseModel.php')
 2 SYSTEMPATH\Autoloader\Autoloader.php(237): CodeIgniter\Autoloader\Autoloader->loadInNamespace('App\\Models\\merchandiseModel')
 3 [internal function]: CodeIgniter\Autoloader\Autoloader->loadClass('App\\Models\\merchandiseModel')
 4 APPPATH\Controllers\merchandise.php(17): spl_autoload_call('App\\Models\\merchandiseModel')
 5 SYSTEMPATH\CodeIgniter.php(869): App\Controllers\merchandise->__construct()
 6 SYSTEMPATH\CodeIgniter.php(448): CodeIgniter\CodeIgniter->createController()
 7 SYSTEMPATH\CodeIgniter.php(340): CodeIgniter\CodeIgniter->handleRequest(null, Object(Config\Cache), false)
 8 FCPATH\index.php(67): CodeIgniter\CodeIgniter->run()
