CRITICAL - 2022-09-28 05:08:56 --> Trying to access array offset on value of type null
in APPPATH\Libraries\CustomOauthStorage.php on line 466.
 1 APPPATH\Libraries\CustomOauthStorage.php(466): CodeIgniter\Debug\Exceptions->errorHandler(8, 'Trying to access array offset on value of type null', 'APPPATH\\Libraries\\CustomOauthStorage.php', 466, [...])
 2 APPPATH\Libraries\CustomOauthStorage.php(315): App\Libraries\CustomOauthStorage->getUser('alexlancer')
 3 VENDORPATH\bshaffer\oauth2-server-php\src\OAuth2\GrantType\UserCredentials.php(57): App\Libraries\CustomOauthStorage->checkUserCredentials('alexlancer', '5baa61e4c9b93f3f0682250b6cf8331b7ee68fd8')
 4 VENDORPATH\bshaffer\oauth2-server-php\src\OAuth2\Controller\TokenController.php(175): OAuth2\GrantType\UserCredentials->validateRequest(Object(OAuth2\Request), Object(OAuth2\Response))
 5 VENDORPATH\bshaffer\oauth2-server-php\src\OAuth2\Controller\TokenController.php(87): OAuth2\Controller\TokenController->grantAccessToken(Object(OAuth2\Request), Object(OAuth2\Response))
 6 VENDORPATH\bshaffer\oauth2-server-php\src\OAuth2\Server.php(319): OAuth2\Controller\TokenController->handleTokenRequest(Object(OAuth2\Request), Object(OAuth2\Response))
 7 APPPATH\Controllers\User.php(18): OAuth2\Server->handleTokenRequest(Object(OAuth2\Request))
 8 SYSTEMPATH\CodeIgniter.php(907): App\Controllers\User->login()
 9 SYSTEMPATH\CodeIgniter.php(457): CodeIgniter\CodeIgniter->runController(Object(App\Controllers\User))
10 SYSTEMPATH\CodeIgniter.php(340): CodeIgniter\CodeIgniter->handleRequest(null, Object(Config\Cache), false)
11 FCPATH\index.php(67): CodeIgniter\CodeIgniter->run()
CRITICAL - 2022-09-28 05:11:07 --> Trying to access array offset on value of type null
in APPPATH\Libraries\CustomOauthStorage.php on line 466.
 1 APPPATH\Libraries\CustomOauthStorage.php(466): CodeIgniter\Debug\Exceptions->errorHandler(8, 'Trying to access array offset on value of type null', 'APPPATH\\Libraries\\CustomOauthStorage.php', 466, [...])
 2 APPPATH\Libraries\CustomOauthStorage.php(315): App\Libraries\CustomOauthStorage->getUser('alexlancer')
 3 VENDORPATH\bshaffer\oauth2-server-php\src\OAuth2\GrantType\UserCredentials.php(57): App\Libraries\CustomOauthStorage->checkUserCredentials('alexlancer', 'password')
 4 VENDORPATH\bshaffer\oauth2-server-php\src\OAuth2\Controller\TokenController.php(175): OAuth2\GrantType\UserCredentials->validateRequest(Object(OAuth2\Request), Object(OAuth2\Response))
 5 VENDORPATH\bshaffer\oauth2-server-php\src\OAuth2\Controller\TokenController.php(87): OAuth2\Controller\TokenController->grantAccessToken(Object(OAuth2\Request), Object(OAuth2\Response))
 6 VENDORPATH\bshaffer\oauth2-server-php\src\OAuth2\Server.php(319): OAuth2\Controller\TokenController->handleTokenRequest(Object(OAuth2\Request), Object(OAuth2\Response))
 7 APPPATH\Controllers\User.php(18): OAuth2\Server->handleTokenRequest(Object(OAuth2\Request))
 8 SYSTEMPATH\CodeIgniter.php(907): App\Controllers\User->login()
 9 SYSTEMPATH\CodeIgniter.php(457): CodeIgniter\CodeIgniter->runController(Object(App\Controllers\User))
10 SYSTEMPATH\CodeIgniter.php(340): CodeIgniter\CodeIgniter->handleRequest(null, Object(Config\Cache), false)
11 FCPATH\index.php(67): CodeIgniter\CodeIgniter->run()
CRITICAL - 2022-09-28 06:16:42 --> Trying to access array offset on value of type null
in APPPATH\Libraries\CustomOauthStorage.php on line 466.
 1 APPPATH\Libraries\CustomOauthStorage.php(466): CodeIgniter\Debug\Exceptions->errorHandler(8, 'Trying to access array offset on value of type null', 'APPPATH\\Libraries\\CustomOauthStorage.php', 466, [...])
 2 APPPATH\Libraries\CustomOauthStorage.php(315): App\Libraries\CustomOauthStorage->getUser('murhchristian@gmail.com')
 3 VENDORPATH\bshaffer\oauth2-server-php\src\OAuth2\GrantType\UserCredentials.php(57): App\Libraries\CustomOauthStorage->checkUserCredentials('murhchristian@gmail.com', 'christian')
 4 VENDORPATH\bshaffer\oauth2-server-php\src\OAuth2\Controller\TokenController.php(175): OAuth2\GrantType\UserCredentials->validateRequest(Object(OAuth2\Request), Object(OAuth2\Response))
 5 VENDORPATH\bshaffer\oauth2-server-php\src\OAuth2\Controller\TokenController.php(87): OAuth2\Controller\TokenController->grantAccessToken(Object(OAuth2\Request), Object(OAuth2\Response))
 6 VENDORPATH\bshaffer\oauth2-server-php\src\OAuth2\Server.php(319): OAuth2\Controller\TokenController->handleTokenRequest(Object(OAuth2\Request), Object(OAuth2\Response))
 7 APPPATH\Controllers\User.php(18): OAuth2\Server->handleTokenRequest(Object(OAuth2\Request))
 8 SYSTEMPATH\CodeIgniter.php(907): App\Controllers\User->login()
 9 SYSTEMPATH\CodeIgniter.php(457): CodeIgniter\CodeIgniter->runController(Object(App\Controllers\User))
10 SYSTEMPATH\CodeIgniter.php(340): CodeIgniter\CodeIgniter->handleRequest(null, Object(Config\Cache), false)
11 FCPATH\index.php(67): CodeIgniter\CodeIgniter->run()
CRITICAL - 2022-09-28 06:20:17 --> Trying to access array offset on value of type null
in APPPATH\Libraries\CustomOauthStorage.php on line 466.
 1 APPPATH\Libraries\CustomOauthStorage.php(466): CodeIgniter\Debug\Exceptions->errorHandler(8, 'Trying to access array offset on value of type null', 'APPPATH\\Libraries\\CustomOauthStorage.php', 466, [...])
 2 APPPATH\Libraries\CustomOauthStorage.php(315): App\Libraries\CustomOauthStorage->getUser('murhchristian@gmail.com')
 3 VENDORPATH\bshaffer\oauth2-server-php\src\OAuth2\GrantType\UserCredentials.php(57): App\Libraries\CustomOauthStorage->checkUserCredentials('murhchristian@gmail.com', 'christian')
 4 VENDORPATH\bshaffer\oauth2-server-php\src\OAuth2\Controller\TokenController.php(175): OAuth2\GrantType\UserCredentials->validateRequest(Object(OAuth2\Request), Object(OAuth2\Response))
 5 VENDORPATH\bshaffer\oauth2-server-php\src\OAuth2\Controller\TokenController.php(87): OAuth2\Controller\TokenController->grantAccessToken(Object(OAuth2\Request), Object(OAuth2\Response))
 6 VENDORPATH\bshaffer\oauth2-server-php\src\OAuth2\Server.php(319): OAuth2\Controller\TokenController->handleTokenRequest(Object(OAuth2\Request), Object(OAuth2\Response))
 7 APPPATH\Controllers\User.php(18): OAuth2\Server->handleTokenRequest(Object(OAuth2\Request))
 8 SYSTEMPATH\CodeIgniter.php(907): App\Controllers\User->login()
 9 SYSTEMPATH\CodeIgniter.php(457): CodeIgniter\CodeIgniter->runController(Object(App\Controllers\User))
10 SYSTEMPATH\CodeIgniter.php(340): CodeIgniter\CodeIgniter->handleRequest(null, Object(Config\Cache), false)
11 FCPATH\index.php(67): CodeIgniter\CodeIgniter->run()
CRITICAL - 2022-09-28 06:20:35 --> Trying to access array offset on value of type null
in APPPATH\Libraries\CustomOauthStorage.php on line 466.
 1 APPPATH\Libraries\CustomOauthStorage.php(466): CodeIgniter\Debug\Exceptions->errorHandler(8, 'Trying to access array offset on value of type null', 'APPPATH\\Libraries\\CustomOauthStorage.php', 466, [...])
 2 APPPATH\Libraries\CustomOauthStorage.php(315): App\Libraries\CustomOauthStorage->getUser('murhchristian@gmail.com')
 3 VENDORPATH\bshaffer\oauth2-server-php\src\OAuth2\GrantType\UserCredentials.php(57): App\Libraries\CustomOauthStorage->checkUserCredentials('murhchristian@gmail.com', 'password')
 4 VENDORPATH\bshaffer\oauth2-server-php\src\OAuth2\Controller\TokenController.php(175): OAuth2\GrantType\UserCredentials->validateRequest(Object(OAuth2\Request), Object(OAuth2\Response))
 5 VENDORPATH\bshaffer\oauth2-server-php\src\OAuth2\Controller\TokenController.php(87): OAuth2\Controller\TokenController->grantAccessToken(Object(OAuth2\Request), Object(OAuth2\Response))
 6 VENDORPATH\bshaffer\oauth2-server-php\src\OAuth2\Server.php(319): OAuth2\Controller\TokenController->handleTokenRequest(Object(OAuth2\Request), Object(OAuth2\Response))
 7 APPPATH\Controllers\User.php(18): OAuth2\Server->handleTokenRequest(Object(OAuth2\Request))
 8 SYSTEMPATH\CodeIgniter.php(907): App\Controllers\User->login()
 9 SYSTEMPATH\CodeIgniter.php(457): CodeIgniter\CodeIgniter->runController(Object(App\Controllers\User))
10 SYSTEMPATH\CodeIgniter.php(340): CodeIgniter\CodeIgniter->handleRequest(null, Object(Config\Cache), false)
11 FCPATH\index.php(67): CodeIgniter\CodeIgniter->run()
CRITICAL - 2022-09-28 06:20:45 --> Trying to access array offset on value of type null
in APPPATH\Libraries\CustomOauthStorage.php on line 466.
 1 APPPATH\Libraries\CustomOauthStorage.php(466): CodeIgniter\Debug\Exceptions->errorHandler(8, 'Trying to access array offset on value of type null', 'APPPATH\\Libraries\\CustomOauthStorage.php', 466, [...])
 2 APPPATH\Libraries\CustomOauthStorage.php(315): App\Libraries\CustomOauthStorage->getUser('murhchristian@gmail.co')
 3 VENDORPATH\bshaffer\oauth2-server-php\src\OAuth2\GrantType\UserCredentials.php(57): App\Libraries\CustomOauthStorage->checkUserCredentials('murhchristian@gmail.co', 'password')
 4 VENDORPATH\bshaffer\oauth2-server-php\src\OAuth2\Controller\TokenController.php(175): OAuth2\GrantType\UserCredentials->validateRequest(Object(OAuth2\Request), Object(OAuth2\Response))
 5 VENDORPATH\bshaffer\oauth2-server-php\src\OAuth2\Controller\TokenController.php(87): OAuth2\Controller\TokenController->grantAccessToken(Object(OAuth2\Request), Object(OAuth2\Response))
 6 VENDORPATH\bshaffer\oauth2-server-php\src\OAuth2\Server.php(319): OAuth2\Controller\TokenController->handleTokenRequest(Object(OAuth2\Request), Object(OAuth2\Response))
 7 APPPATH\Controllers\User.php(18): OAuth2\Server->handleTokenRequest(Object(OAuth2\Request))
 8 SYSTEMPATH\CodeIgniter.php(907): App\Controllers\User->login()
 9 SYSTEMPATH\CodeIgniter.php(457): CodeIgniter\CodeIgniter->runController(Object(App\Controllers\User))
10 SYSTEMPATH\CodeIgniter.php(340): CodeIgniter\CodeIgniter->handleRequest(null, Object(Config\Cache), false)
11 FCPATH\index.php(67): CodeIgniter\CodeIgniter->run()
CRITICAL - 2022-09-28 06:20:56 --> Trying to access array offset on value of type null
in APPPATH\Libraries\CustomOauthStorage.php on line 466.
 1 APPPATH\Libraries\CustomOauthStorage.php(466): CodeIgniter\Debug\Exceptions->errorHandler(8, 'Trying to access array offset on value of type null', 'APPPATH\\Libraries\\CustomOauthStorage.php', 466, [...])
 2 APPPATH\Libraries\CustomOauthStorage.php(315): App\Libraries\CustomOauthStorage->getUser('murhchristian@gmail.com')
 3 VENDORPATH\bshaffer\oauth2-server-php\src\OAuth2\GrantType\UserCredentials.php(57): App\Libraries\CustomOauthStorage->checkUserCredentials('murhchristian@gmail.com', 'password')
 4 VENDORPATH\bshaffer\oauth2-server-php\src\OAuth2\Controller\TokenController.php(175): OAuth2\GrantType\UserCredentials->validateRequest(Object(OAuth2\Request), Object(OAuth2\Response))
 5 VENDORPATH\bshaffer\oauth2-server-php\src\OAuth2\Controller\TokenController.php(87): OAuth2\Controller\TokenController->grantAccessToken(Object(OAuth2\Request), Object(OAuth2\Response))
 6 VENDORPATH\bshaffer\oauth2-server-php\src\OAuth2\Server.php(319): OAuth2\Controller\TokenController->handleTokenRequest(Object(OAuth2\Request), Object(OAuth2\Response))
 7 APPPATH\Controllers\User.php(18): OAuth2\Server->handleTokenRequest(Object(OAuth2\Request))
 8 SYSTEMPATH\CodeIgniter.php(907): App\Controllers\User->login()
 9 SYSTEMPATH\CodeIgniter.php(457): CodeIgniter\CodeIgniter->runController(Object(App\Controllers\User))
10 SYSTEMPATH\CodeIgniter.php(340): CodeIgniter\CodeIgniter->handleRequest(null, Object(Config\Cache), false)
11 FCPATH\index.php(67): CodeIgniter\CodeIgniter->run()
CRITICAL - 2022-09-28 10:39:38 --> SQLSTATE[42S02]: Base table or view not found: 1146 Table 'vueblog.oauth_clients' doesn't exist
in APPPATH\Libraries\CustomOauthStorage.php on line 97.
 1 APPPATH\Libraries\CustomOauthStorage.php(97): PDOStatement->execute([...])
 2 VENDORPATH\bshaffer\oauth2-server-php\src\OAuth2\ClientAssertionType\HttpBasic.php(73): App\Libraries\CustomOauthStorage->checkClientCredentials('testclient', 'testsecret')
 3 VENDORPATH\bshaffer\oauth2-server-php\src\OAuth2\Controller\TokenController.php(163): OAuth2\ClientAssertionType\HttpBasic->validateRequest(Object(OAuth2\Request), Object(OAuth2\Response))
 4 VENDORPATH\bshaffer\oauth2-server-php\src\OAuth2\Controller\TokenController.php(87): OAuth2\Controller\TokenController->grantAccessToken(Object(OAuth2\Request), Object(OAuth2\Response))
 5 VENDORPATH\bshaffer\oauth2-server-php\src\OAuth2\Server.php(319): OAuth2\Controller\TokenController->handleTokenRequest(Object(OAuth2\Request), Object(OAuth2\Response))
 6 APPPATH\Controllers\User.php(18): OAuth2\Server->handleTokenRequest(Object(OAuth2\Request))
 7 SYSTEMPATH\CodeIgniter.php(907): App\Controllers\User->login()
 8 SYSTEMPATH\CodeIgniter.php(457): CodeIgniter\CodeIgniter->runController(Object(App\Controllers\User))
 9 SYSTEMPATH\CodeIgniter.php(340): CodeIgniter\CodeIgniter->handleRequest(null, Object(Config\Cache), false)
10 FCPATH\index.php(67): CodeIgniter\CodeIgniter->run()
CRITICAL - 2022-09-28 10:39:56 --> SQLSTATE[42S02]: Base table or view not found: 1146 Table 'vueblog.oauth_clients' doesn't exist
in APPPATH\Libraries\CustomOauthStorage.php on line 97.
 1 APPPATH\Libraries\CustomOauthStorage.php(97): PDOStatement->execute([...])
 2 VENDORPATH\bshaffer\oauth2-server-php\src\OAuth2\ClientAssertionType\HttpBasic.php(73): App\Libraries\CustomOauthStorage->checkClientCredentials('testclient', 'testsecret')
 3 VENDORPATH\bshaffer\oauth2-server-php\src\OAuth2\Controller\TokenController.php(163): OAuth2\ClientAssertionType\HttpBasic->validateRequest(Object(OAuth2\Request), Object(OAuth2\Response))
 4 VENDORPATH\bshaffer\oauth2-server-php\src\OAuth2\Controller\TokenController.php(87): OAuth2\Controller\TokenController->grantAccessToken(Object(OAuth2\Request), Object(OAuth2\Response))
 5 VENDORPATH\bshaffer\oauth2-server-php\src\OAuth2\Server.php(319): OAuth2\Controller\TokenController->handleTokenRequest(Object(OAuth2\Request), Object(OAuth2\Response))
 6 APPPATH\Controllers\User.php(18): OAuth2\Server->handleTokenRequest(Object(OAuth2\Request))
 7 SYSTEMPATH\CodeIgniter.php(907): App\Controllers\User->login()
 8 SYSTEMPATH\CodeIgniter.php(457): CodeIgniter\CodeIgniter->runController(Object(App\Controllers\User))
 9 SYSTEMPATH\CodeIgniter.php(340): CodeIgniter\CodeIgniter->handleRequest(null, Object(Config\Cache), false)
10 FCPATH\index.php(67): CodeIgniter\CodeIgniter->run()
CRITICAL - 2022-09-28 22:27:16 --> Trying to access array offset on value of type null
in APPPATH\Libraries\CustomOauthStorage.php on line 466.
 1 APPPATH\Libraries\CustomOauthStorage.php(466): CodeIgniter\Debug\Exceptions->errorHandler(8, 'Trying to access array offset on value of type null', 'APPPATH\\Libraries\\CustomOauthStorage.php', 466, [...])
 2 APPPATH\Libraries\CustomOauthStorage.php(315): App\Libraries\CustomOauthStorage->getUser('alexlancer')
 3 VENDORPATH\bshaffer\oauth2-server-php\src\OAuth2\GrantType\UserCredentials.php(57): App\Libraries\CustomOauthStorage->checkUserCredentials('alexlancer', 'password')
 4 VENDORPATH\bshaffer\oauth2-server-php\src\OAuth2\Controller\TokenController.php(175): OAuth2\GrantType\UserCredentials->validateRequest(Object(OAuth2\Request), Object(OAuth2\Response))
 5 VENDORPATH\bshaffer\oauth2-server-php\src\OAuth2\Controller\TokenController.php(87): OAuth2\Controller\TokenController->grantAccessToken(Object(OAuth2\Request), Object(OAuth2\Response))
 6 VENDORPATH\bshaffer\oauth2-server-php\src\OAuth2\Server.php(319): OAuth2\Controller\TokenController->handleTokenRequest(Object(OAuth2\Request), Object(OAuth2\Response))
 7 APPPATH\Controllers\User.php(18): OAuth2\Server->handleTokenRequest(Object(OAuth2\Request))
 8 SYSTEMPATH\CodeIgniter.php(907): App\Controllers\User->login()
 9 SYSTEMPATH\CodeIgniter.php(457): CodeIgniter\CodeIgniter->runController(Object(App\Controllers\User))
10 SYSTEMPATH\CodeIgniter.php(340): CodeIgniter\CodeIgniter->handleRequest(null, Object(Config\Cache), false)
11 FCPATH\index.php(67): CodeIgniter\CodeIgniter->run()
CRITICAL - 2022-09-28 22:34:24 --> Trying to access array offset on value of type null
in APPPATH\Libraries\CustomOauthStorage.php on line 466.
 1 APPPATH\Libraries\CustomOauthStorage.php(466): CodeIgniter\Debug\Exceptions->errorHandler(8, 'Trying to access array offset on value of type null', 'APPPATH\\Libraries\\CustomOauthStorage.php', 466, [...])
 2 APPPATH\Libraries\CustomOauthStorage.php(315): App\Libraries\CustomOauthStorage->getUser(',c,c,')
 3 VENDORPATH\bshaffer\oauth2-server-php\src\OAuth2\GrantType\UserCredentials.php(57): App\Libraries\CustomOauthStorage->checkUserCredentials(',c,c,', 'password')
 4 VENDORPATH\bshaffer\oauth2-server-php\src\OAuth2\Controller\TokenController.php(175): OAuth2\GrantType\UserCredentials->validateRequest(Object(OAuth2\Request), Object(OAuth2\Response))
 5 VENDORPATH\bshaffer\oauth2-server-php\src\OAuth2\Controller\TokenController.php(87): OAuth2\Controller\TokenController->grantAccessToken(Object(OAuth2\Request), Object(OAuth2\Response))
 6 VENDORPATH\bshaffer\oauth2-server-php\src\OAuth2\Server.php(319): OAuth2\Controller\TokenController->handleTokenRequest(Object(OAuth2\Request), Object(OAuth2\Response))
 7 APPPATH\Controllers\User.php(18): OAuth2\Server->handleTokenRequest(Object(OAuth2\Request))
 8 SYSTEMPATH\CodeIgniter.php(907): App\Controllers\User->login()
 9 SYSTEMPATH\CodeIgniter.php(457): CodeIgniter\CodeIgniter->runController(Object(App\Controllers\User))
10 SYSTEMPATH\CodeIgniter.php(340): CodeIgniter\CodeIgniter->handleRequest(null, Object(Config\Cache), false)
11 FCPATH\index.php(67): CodeIgniter\CodeIgniter->run()
CRITICAL - 2022-09-28 22:34:32 --> Trying to access array offset on value of type null
in APPPATH\Libraries\CustomOauthStorage.php on line 466.
 1 APPPATH\Libraries\CustomOauthStorage.php(466): CodeIgniter\Debug\Exceptions->errorHandler(8, 'Trying to access array offset on value of type null', 'APPPATH\\Libraries\\CustomOauthStorage.php', 466, [...])
 2 APPPATH\Libraries\CustomOauthStorage.php(315): App\Libraries\CustomOauthStorage->getUser('m@gmail.com')
 3 VENDORPATH\bshaffer\oauth2-server-php\src\OAuth2\GrantType\UserCredentials.php(57): App\Libraries\CustomOauthStorage->checkUserCredentials('m@gmail.com', 'password')
 4 VENDORPATH\bshaffer\oauth2-server-php\src\OAuth2\Controller\TokenController.php(175): OAuth2\GrantType\UserCredentials->validateRequest(Object(OAuth2\Request), Object(OAuth2\Response))
 5 VENDORPATH\bshaffer\oauth2-server-php\src\OAuth2\Controller\TokenController.php(87): OAuth2\Controller\TokenController->grantAccessToken(Object(OAuth2\Request), Object(OAuth2\Response))
 6 VENDORPATH\bshaffer\oauth2-server-php\src\OAuth2\Server.php(319): OAuth2\Controller\TokenController->handleTokenRequest(Object(OAuth2\Request), Object(OAuth2\Response))
 7 APPPATH\Controllers\User.php(18): OAuth2\Server->handleTokenRequest(Object(OAuth2\Request))
 8 SYSTEMPATH\CodeIgniter.php(907): App\Controllers\User->login()
 9 SYSTEMPATH\CodeIgniter.php(457): CodeIgniter\CodeIgniter->runController(Object(App\Controllers\User))
10 SYSTEMPATH\CodeIgniter.php(340): CodeIgniter\CodeIgniter->handleRequest(null, Object(Config\Cache), false)
11 FCPATH\index.php(67): CodeIgniter\CodeIgniter->run()
